#
# There is insufficient memory for the Java Runtime Environment to continue.
# Native memory allocation (mmap) failed to map 115343360 bytes for G1 virtual space
# Possible reasons:
#   The system is out of physical RAM or swap space
#   The process is running with CompressedOops enabled, and the Java Heap may be blocking the growth of the native heap
# Possible solutions:
#   Reduce memory load on the system
#   Increase physical memory or swap space
#   Check if swap backing store is full
#   Decrease Java heap size (-Xmx/-Xms)
#   Decrease number of Java threads
#   Decrease Java thread stack sizes (-Xss)
#   Set larger code cache with -XX:ReservedCodeCacheSize=
#   JVM is running with Unscaled Compressed Oops mode in which the Java heap is
#     placed in the first 4GB address space. The Java Heap base address is the
#     maximum limit for the native heap growth. Please use -XX:HeapBaseMinAddress
#     to set the Java Heap base and to place the Java Heap above 4GB virtual address.
# This output file may be truncated or incomplete.
#
#  Out of Memory Error (os_windows.cpp:3551), pid=18008, tid=21796
#
# JRE version: Java(TM) SE Runtime Environment (17.0.14+8) (build 17.0.14+8-LTS-191)
# Java VM: Java HotSpot(TM) 64-Bit Server VM (17.0.14+8-LTS-191, mixed mode, sharing, tiered, compressed oops, compressed class ptrs, g1 gc, windows-amd64)
# No core dump will be written. Minidumps are not enabled by default on client versions of Windows
#

---------------  S U M M A R Y ------------

Command Line: org.jetbrains.kotlin.cli.jvm.K2JVMCompiler @C:\Users\91700\OneDrive\Desktop\Projects\Market-Place-2\Market-place\node_modules\@react-native\gradle-plugin\react-native-gradle-plugin\build\20250517_5070036964040049112.compiler.options

Host: AMD Ryzen 5 4600H with Radeon Graphics         , 12 cores, 7G,  Windows 11 , 64 bit Build 26100 (10.0.26100.3912)
Time: Sat May 17 18:38:03 2025 India Standard Time elapsed time: 11.129918 seconds (0d 0h 0m 11s)

---------------  T H R E A D  ---------------

Current thread (0x000002c120edc820):  VMThread "VM Thread" [stack: 0x000000fd3bd00000,0x000000fd3be00000] [id=21796]

Stack: [0x000000fd3bd00000,0x000000fd3be00000]
Native frames: (J=compiled Java code, j=interpreted, Vv=VM code, C=native code)
V  [jvm.dll+0x67a38a]
V  [jvm.dll+0x7da7ed]
V  [jvm.dll+0x7dc133]
V  [jvm.dll+0x7dc7a3]
V  [jvm.dll+0x24517f]
V  [jvm.dll+0x6773b9]
V  [jvm.dll+0x66c062]
V  [jvm.dll+0x302096]
V  [jvm.dll+0x309636]
V  [jvm.dll+0x359f8e]
V  [jvm.dll+0x35a1bf]
V  [jvm.dll+0x2d9168]
V  [jvm.dll+0x2d759d]
V  [jvm.dll+0x2d6bec]
V  [jvm.dll+0x31a74b]
V  [jvm.dll+0x7e109b]
V  [jvm.dll+0x7e1dd4]
V  [jvm.dll+0x7e22ed]
V  [jvm.dll+0x7e26c4]
V  [jvm.dll+0x7e2790]
V  [jvm.dll+0x78b04a]
V  [jvm.dll+0x679275]
C  [ucrtbase.dll+0x37b0]
C  [KERNEL32.DLL+0x2e8d7]
C  [ntdll.dll+0x9c5dc]

VM_Operation (0x000000fd3b7f9780): G1CollectForAllocation, mode: safepoint, requested by thread 0x000002c100db3c10


---------------  P R O C E S S  ---------------

Threads class SMR info:
_java_thread_list=0x000002c1665c37a0, length=14, elements={
0x000002c100db3c10, 0x000002c120ee8970, 0x000002c120ee9330, 0x000002c120f01b40,
0x000002c120f02500, 0x000002c120f02ec0, 0x000002c120f03880, 0x000002c120f05ce0,
0x000002c120f066a0, 0x000002c120f06fb0, 0x000002c1661daee0, 0x000002c166202e90,
0x000002c1662529a0, 0x000002c166f2ab90
}

Java Threads: ( => current thread )
  0x000002c100db3c10 JavaThread "main" [_thread_blocked, id=9616, stack(0x000000fd3b700000,0x000000fd3b800000)]
  0x000002c120ee8970 JavaThread "Reference Handler" daemon [_thread_blocked, id=18788, stack(0x000000fd3be00000,0x000000fd3bf00000)]
  0x000002c120ee9330 JavaThread "Finalizer" daemon [_thread_blocked, id=4836, stack(0x000000fd3bf00000,0x000000fd3c000000)]
  0x000002c120f01b40 JavaThread "Signal Dispatcher" daemon [_thread_blocked, id=16504, stack(0x000000fd3c000000,0x000000fd3c100000)]
  0x000002c120f02500 JavaThread "Attach Listener" daemon [_thread_blocked, id=21292, stack(0x000000fd3c100000,0x000000fd3c200000)]
  0x000002c120f02ec0 JavaThread "Service Thread" daemon [_thread_blocked, id=18192, stack(0x000000fd3c200000,0x000000fd3c300000)]
  0x000002c120f03880 JavaThread "Monitor Deflation Thread" daemon [_thread_blocked, id=19412, stack(0x000000fd3c300000,0x000000fd3c400000)]
  0x000002c120f05ce0 JavaThread "C2 CompilerThread0" daemon [_thread_blocked, id=2944, stack(0x000000fd3c400000,0x000000fd3c500000)]
  0x000002c120f066a0 JavaThread "C1 CompilerThread0" daemon [_thread_blocked, id=22084, stack(0x000000fd3c500000,0x000000fd3c600000)]
  0x000002c120f06fb0 JavaThread "Sweeper thread" daemon [_thread_blocked, id=15368, stack(0x000000fd3c600000,0x000000fd3c700000)]
  0x000002c1661daee0 JavaThread "Notification Thread" daemon [_thread_blocked, id=23372, stack(0x000000fd3c700000,0x000000fd3c800000)]
  0x000002c166202e90 JavaThread "Common-Cleaner" daemon [_thread_blocked, id=396, stack(0x000000fd3c900000,0x000000fd3ca00000)]
  0x000002c1662529a0 JavaThread "C2 CompilerThread1" daemon [_thread_blocked, id=20008, stack(0x000000fd3ca00000,0x000000fd3cb00000)]
  0x000002c166f2ab90 JavaThread "C2 CompilerThread2" daemon [_thread_blocked, id=6084, stack(0x000000fd3d300000,0x000000fd3d400000)]

Other Threads:
=>0x000002c120edc820 VMThread "VM Thread" [stack: 0x000000fd3bd00000,0x000000fd3be00000] [id=21796]
  0x000002c1661dbfe0 WatcherThread [stack: 0x000000fd3c800000,0x000000fd3c900000] [id=15448]
  0x000002c100e0a980 GCTaskThread "GC Thread#0" [stack: 0x000000fd3b800000,0x000000fd3b900000] [id=8128]
  0x000002c16672b7d0 GCTaskThread "GC Thread#1" [stack: 0x000000fd3cb00000,0x000000fd3cc00000] [id=21396]
  0x000002c1667aa6f0 GCTaskThread "GC Thread#2" [stack: 0x000000fd3cc00000,0x000000fd3cd00000] [id=17584]
  0x000002c1667aabc0 GCTaskThread "GC Thread#3" [stack: 0x000000fd3cd00000,0x000000fd3ce00000] [id=21436]
  0x000002c1667aae80 GCTaskThread "GC Thread#4" [stack: 0x000000fd3ce00000,0x000000fd3cf00000] [id=14676]
  0x000002c1667ac180 GCTaskThread "GC Thread#5" [stack: 0x000000fd3cf00000,0x000000fd3d000000] [id=9940]
  0x000002c166bd3190 GCTaskThread "GC Thread#6" [stack: 0x000000fd3d000000,0x000000fd3d100000] [id=10260]
  0x000002c166d0ec90 GCTaskThread "GC Thread#7" [stack: 0x000000fd3d100000,0x000000fd3d200000] [id=20324]
  0x000002c166d54a00 GCTaskThread "GC Thread#8" [stack: 0x000000fd3d200000,0x000000fd3d300000] [id=21892]
  0x000002c1676ad000 GCTaskThread "GC Thread#9" [stack: 0x000000fd3d400000,0x000000fd3d500000] [id=22924]
  0x000002c100e1a650 ConcurrentGCThread "G1 Main Marker" [stack: 0x000000fd3b900000,0x000000fd3ba00000] [id=21096]
  0x000002c100e1bd30 ConcurrentGCThread "G1 Conc#0" [stack: 0x000000fd3ba00000,0x000000fd3bb00000] [id=21988]
  0x000002c16f69e020 ConcurrentGCThread "G1 Conc#1" [stack: 0x000000fd3d600000,0x000000fd3d700000] [id=19624]
  0x000002c1679f5a40 ConcurrentGCThread "G1 Conc#2" [stack: 0x000000fd3d700000,0x000000fd3d800000] [id=9700]
  0x000002c120d980e0 ConcurrentGCThread "G1 Refine#0" [stack: 0x000000fd3bb00000,0x000000fd3bc00000] [id=6280]
  0x000002c167598ff0 ConcurrentGCThread "G1 Refine#1" [stack: 0x000000fd3d500000,0x000000fd3d600000] [id=17036]
  0x000002c166df9430 ConcurrentGCThread "G1 Refine#2" [stack: 0x000000fd3d800000,0x000000fd3d900000] [id=16540]
  0x000002c166f29de0 ConcurrentGCThread "G1 Refine#3" [stack: 0x000000fd3d900000,0x000000fd3da00000] [id=18660]
  0x000002c16faa88a0 ConcurrentGCThread "G1 Refine#4" [stack: 0x000000fd3da00000,0x000000fd3db00000] [id=15616]
  0x000002c16faa8b90 ConcurrentGCThread "G1 Refine#5" [stack: 0x000000fd3db00000,0x000000fd3dc00000] [id=17264]
  0x000002c1676aa560 ConcurrentGCThread "G1 Refine#6" [stack: 0x000000fd3dc00000,0x000000fd3dd00000] [id=22144]
  0x000002c1676aab40 ConcurrentGCThread "G1 Refine#7" [stack: 0x000000fd3dd00000,0x000000fd3de00000] [id=21772]
  0x000002c120d988b0 ConcurrentGCThread "G1 Service" [stack: 0x000000fd3bc00000,0x000000fd3bd00000] [id=12316]

Threads with active compile tasks:
C2 CompilerThread0    11148 9599       4       org.jetbrains.kotlin.types.AbstractTypeChecker::isSubtypeOf (46 bytes)
C2 CompilerThread1    11148 9619       4       org.jetbrains.kotlin.types.AbstractTypeChecker::checkSubtypeForSpecialCases (779 bytes)
C2 CompilerThread2    11148 9752       4       org.jetbrains.kotlin.types.checker.NewCapturedTypeKt::captureArguments (656 bytes)

VM state: at safepoint (normal execution)

VM Mutex/Monitor currently owned by a thread:  ([mutex/lock_event])
[0x000002c100dafb90] Threads_lock - owner thread: 0x000002c120edc820
[0x000002c100dae3f0] Heap_lock - owner thread: 0x000002c100db3c10

Heap address: 0x0000000089400000, size: 1900 MB, Compressed Oops mode: 32-bit

CDS archive(s) mapped at: [0x000002c121000000-0x000002c121bd0000-0x000002c121bd0000), size 12386304, SharedBaseAddress: 0x000002c121000000, ArchiveRelocationMode: 1.
Compressed class space mapped at: 0x000002c122000000-0x000002c162000000, reserved size: 1073741824
Narrow klass base: 0x000002c121000000, Narrow klass shift: 0, Narrow klass range: 0x100000000

GC Precious Log:
 CPUs: 12 total, 12 available
 Memory: 7597M
 Large Page Support: Disabled
 NUMA Support: Disabled
 Compressed Oops: Enabled (32-bit)
 Heap Region Size: 1M
 Heap Min Capacity: 8M
 Heap Initial Capacity: 120M
 Heap Max Capacity: 1900M
 Pre-touch: Disabled
 Parallel Workers: 10
 Concurrent Workers: 3
 Concurrent Refinement Workers: 10
 Periodic GC: Disabled

Heap:
 garbage-first heap   total 122880K, used 69438K [0x0000000089400000, 0x0000000100000000)
  region size 1024K, 2 young (2048K), 2 survivors (2048K)
 Metaspace       used 50526K, committed 50880K, reserved 1114112K
  class space    used 5709K, committed 5888K, reserved 1048576K

Heap Regions: E=young(eden), S=young(survivor), O=old, HS=humongous(starts), HC=humongous(continues), CS=collection set, F=free, OA=open archive, CA=closed archive, TAMS=top-at-mark-start (previous, next)
|   0|0x0000000089400000, 0x0000000089500000, 0x0000000089500000|100%|HS|  |TAMS 0x0000000089500000, 0x0000000089500000| Complete 
|   1|0x0000000089500000, 0x0000000089600000, 0x0000000089600000|100%|HC|  |TAMS 0x0000000089600000, 0x0000000089600000| Complete 
|   2|0x0000000089600000, 0x0000000089700000, 0x0000000089700000|100%|HC|  |TAMS 0x0000000089700000, 0x0000000089700000| Complete 
|   3|0x0000000089700000, 0x0000000089800000, 0x0000000089800000|100%|HC|  |TAMS 0x0000000089800000, 0x0000000089800000| Complete 
|   4|0x0000000089800000, 0x0000000089900000, 0x0000000089900000|100%|HS|  |TAMS 0x0000000089900000, 0x0000000089900000| Complete 
|   5|0x0000000089900000, 0x0000000089a00000, 0x0000000089a00000|100%|HC|  |TAMS 0x0000000089a00000, 0x0000000089a00000| Complete 
|   6|0x0000000089a00000, 0x0000000089b00000, 0x0000000089b00000|100%|HC|  |TAMS 0x0000000089b00000, 0x0000000089b00000| Complete 
|   7|0x0000000089b00000, 0x0000000089c00000, 0x0000000089c00000|100%|HC|  |TAMS 0x0000000089c00000, 0x0000000089c00000| Complete 
|   8|0x0000000089c00000, 0x0000000089d00000, 0x0000000089d00000|100%|HC|  |TAMS 0x0000000089d00000, 0x0000000089d00000| Complete 
|   9|0x0000000089d00000, 0x0000000089e00000, 0x0000000089e00000|100%|HC|  |TAMS 0x0000000089e00000, 0x0000000089e00000| Complete 
|  10|0x0000000089e00000, 0x0000000089f00000, 0x0000000089f00000|100%|HS|  |TAMS 0x0000000089f00000, 0x0000000089f00000| Complete 
|  11|0x0000000089f00000, 0x000000008a000000, 0x000000008a000000|100%| O|  |TAMS 0x000000008a000000, 0x000000008a000000| Untracked 
|  12|0x000000008a000000, 0x000000008a100000, 0x000000008a100000|100%| O|  |TAMS 0x000000008a100000, 0x000000008a100000| Untracked 
|  13|0x000000008a100000, 0x000000008a200000, 0x000000008a200000|100%| O|  |TAMS 0x000000008a200000, 0x000000008a200000| Untracked 
|  14|0x000000008a200000, 0x000000008a300000, 0x000000008a300000|100%|HS|  |TAMS 0x000000008a300000, 0x000000008a300000| Complete 
|  15|0x000000008a300000, 0x000000008a400000, 0x000000008a400000|100%|HC|  |TAMS 0x000000008a400000, 0x000000008a400000| Complete 
|  16|0x000000008a400000, 0x000000008a500000, 0x000000008a500000|100%|HS|  |TAMS 0x000000008a500000, 0x000000008a500000| Complete 
|  17|0x000000008a500000, 0x000000008a600000, 0x000000008a600000|100%|HS|  |TAMS 0x000000008a600000, 0x000000008a600000| Complete 
|  18|0x000000008a600000, 0x000000008a700000, 0x000000008a700000|100%| O|  |TAMS 0x000000008a700000, 0x000000008a700000| Untracked 
|  19|0x000000008a700000, 0x000000008a800000, 0x000000008a800000|100%| O|  |TAMS 0x000000008a800000, 0x000000008a800000| Untracked 
|  20|0x000000008a800000, 0x000000008a900000, 0x000000008a900000|100%| O|  |TAMS 0x000000008a900000, 0x000000008a900000| Untracked 
|  21|0x000000008a900000, 0x000000008aa00000, 0x000000008aa00000|100%| O|  |TAMS 0x000000008aa00000, 0x000000008aa00000| Untracked 
|  22|0x000000008aa00000, 0x000000008ab00000, 0x000000008ab00000|100%| O|  |TAMS 0x000000008ab00000, 0x000000008ab00000| Untracked 
|  23|0x000000008ab00000, 0x000000008ac00000, 0x000000008ac00000|100%| O|  |TAMS 0x000000008ac00000, 0x000000008ac00000| Untracked 
|  24|0x000000008ac00000, 0x000000008ad00000, 0x000000008ad00000|100%| O|  |TAMS 0x000000008ad00000, 0x000000008ad00000| Untracked 
|  25|0x000000008ad00000, 0x000000008ae00000, 0x000000008ae00000|100%| O|  |TAMS 0x000000008ae00000, 0x000000008ae00000| Untracked 
|  26|0x000000008ae00000, 0x000000008ae00000, 0x000000008af00000|  0%| F|  |TAMS 0x000000008ae00000, 0x000000008ae00000| Untracked 
|  27|0x000000008af00000, 0x000000008b000000, 0x000000008b000000|100%| O|  |TAMS 0x000000008b000000, 0x000000008b000000| Untracked 
|  28|0x000000008b000000, 0x000000008b100000, 0x000000008b100000|100%| O|  |TAMS 0x000000008b100000, 0x000000008b100000| Untracked 
|  29|0x000000008b100000, 0x000000008b200000, 0x000000008b200000|100%| O|  |TAMS 0x000000008b200000, 0x000000008b200000| Untracked 
|  30|0x000000008b200000, 0x000000008b300000, 0x000000008b300000|100%| O|  |TAMS 0x000000008b300000, 0x000000008b300000| Untracked 
|  31|0x000000008b300000, 0x000000008b400000, 0x000000008b400000|100%| O|  |TAMS 0x000000008b400000, 0x000000008b400000| Untracked 
|  32|0x000000008b400000, 0x000000008b500000, 0x000000008b500000|100%| O|  |TAMS 0x000000008b500000, 0x000000008b500000| Untracked 
|  33|0x000000008b500000, 0x000000008b600000, 0x000000008b600000|100%| O|  |TAMS 0x000000008b600000, 0x000000008b600000| Untracked 
|  34|0x000000008b600000, 0x000000008b700000, 0x000000008b700000|100%| O|  |TAMS 0x000000008b700000, 0x000000008b700000| Untracked 
|  35|0x000000008b700000, 0x000000008b800000, 0x000000008b800000|100%| O|  |TAMS 0x000000008b800000, 0x000000008b800000| Untracked 
|  36|0x000000008b800000, 0x000000008b900000, 0x000000008b900000|100%| O|  |TAMS 0x000000008b900000, 0x000000008b900000| Untracked 
|  37|0x000000008b900000, 0x000000008ba00000, 0x000000008ba00000|100%| O|  |TAMS 0x000000008ba00000, 0x000000008ba00000| Untracked 
|  38|0x000000008ba00000, 0x000000008bb00000, 0x000000008bb00000|100%| O|  |TAMS 0x000000008bb00000, 0x000000008bb00000| Untracked 
|  39|0x000000008bb00000, 0x000000008bc00000, 0x000000008bc00000|100%| O|  |TAMS 0x000000008bc00000, 0x000000008bc00000| Untracked 
|  40|0x000000008bc00000, 0x000000008bd00000, 0x000000008bd00000|100%| O|  |TAMS 0x000000008bd00000, 0x000000008bd00000| Untracked 
|  41|0x000000008bd00000, 0x000000008be00000, 0x000000008be00000|100%| O|  |TAMS 0x000000008be00000, 0x000000008be00000| Untracked 
|  42|0x000000008be00000, 0x000000008bf00000, 0x000000008bf00000|100%| O|  |TAMS 0x000000008bf00000, 0x000000008bf00000| Untracked 
|  43|0x000000008bf00000, 0x000000008c000000, 0x000000008c000000|100%| O|  |TAMS 0x000000008c000000, 0x000000008c000000| Untracked 
|  44|0x000000008c000000, 0x000000008c100000, 0x000000008c100000|100%| O|  |TAMS 0x000000008c100000, 0x000000008c100000| Untracked 
|  45|0x000000008c100000, 0x000000008c200000, 0x000000008c200000|100%| O|  |TAMS 0x000000008c200000, 0x000000008c200000| Untracked 
|  46|0x000000008c200000, 0x000000008c300000, 0x000000008c300000|100%| O|  |TAMS 0x000000008c300000, 0x000000008c300000| Untracked 
|  47|0x000000008c300000, 0x000000008c400000, 0x000000008c400000|100%| O|  |TAMS 0x000000008c400000, 0x000000008c400000| Untracked 
|  48|0x000000008c400000, 0x000000008c500000, 0x000000008c500000|100%| O|  |TAMS 0x000000008c500000, 0x000000008c500000| Untracked 
|  49|0x000000008c500000, 0x000000008c600000, 0x000000008c600000|100%| O|  |TAMS 0x000000008c600000, 0x000000008c600000| Untracked 
|  50|0x000000008c600000, 0x000000008c700000, 0x000000008c700000|100%| O|  |TAMS 0x000000008c700000, 0x000000008c700000| Untracked 
|  51|0x000000008c700000, 0x000000008c800000, 0x000000008c800000|100%| O|  |TAMS 0x000000008c800000, 0x000000008c800000| Untracked 
|  52|0x000000008c800000, 0x000000008c900000, 0x000000008c900000|100%| O|  |TAMS 0x000000008c900000, 0x000000008c900000| Untracked 
|  53|0x000000008c900000, 0x000000008ca00000, 0x000000008ca00000|100%| O|  |TAMS 0x000000008ca00000, 0x000000008ca00000| Untracked 
|  54|0x000000008ca00000, 0x000000008cb00000, 0x000000008cb00000|100%| O|  |TAMS 0x000000008cb00000, 0x000000008cb00000| Untracked 
|  55|0x000000008cb00000, 0x000000008cc00000, 0x000000008cc00000|100%| O|  |TAMS 0x000000008cb35000, 0x000000008cc00000| Untracked 
|  56|0x000000008cc00000, 0x000000008cd00000, 0x000000008cd00000|100%| O|  |TAMS 0x000000008cc00000, 0x000000008cd00000| Untracked 
|  57|0x000000008cd00000, 0x000000008ce00000, 0x000000008ce00000|100%| O|  |TAMS 0x000000008cd00000, 0x000000008ce00000| Untracked 
|  58|0x000000008ce00000, 0x000000008cf00000, 0x000000008cf00000|100%| O|  |TAMS 0x000000008ce00000, 0x000000008cf00000| Untracked 
|  59|0x000000008cf00000, 0x000000008d000000, 0x000000008d000000|100%| O|  |TAMS 0x000000008cf00000, 0x000000008d000000| Untracked 
|  60|0x000000008d000000, 0x000000008d100000, 0x000000008d100000|100%| O|  |TAMS 0x000000008d000000, 0x000000008d100000| Untracked 
|  61|0x000000008d100000, 0x000000008d200000, 0x000000008d200000|100%| O|  |TAMS 0x000000008d100000, 0x000000008d200000| Untracked 
|  62|0x000000008d200000, 0x000000008d300000, 0x000000008d300000|100%| O|  |TAMS 0x000000008d200000, 0x000000008d300000| Untracked 
|  63|0x000000008d300000, 0x000000008d400000, 0x000000008d400000|100%| O|  |TAMS 0x000000008d300000, 0x000000008d400000| Untracked 
|  64|0x000000008d400000, 0x000000008d500000, 0x000000008d500000|100%| O|  |TAMS 0x000000008d400000, 0x000000008d500000| Untracked 
|  65|0x000000008d500000, 0x000000008d600000, 0x000000008d600000|100%| O|  |TAMS 0x000000008d500000, 0x000000008d600000| Untracked 
|  66|0x000000008d600000, 0x000000008d700000, 0x000000008d700000|100%| O|  |TAMS 0x000000008d600000, 0x000000008d700000| Untracked 
|  67|0x000000008d700000, 0x000000008d700000, 0x000000008d800000|  0%| F|  |TAMS 0x000000008d700000, 0x000000008d700000| Untracked 
|  68|0x000000008d800000, 0x000000008d800000, 0x000000008d900000|  0%| F|  |TAMS 0x000000008d800000, 0x000000008d800000| Untracked 
|  69|0x000000008d900000, 0x000000008d900000, 0x000000008da00000|  0%| F|  |TAMS 0x000000008d900000, 0x000000008d900000| Untracked 
|  70|0x000000008da00000, 0x000000008da00000, 0x000000008db00000|  0%| F|  |TAMS 0x000000008da00000, 0x000000008da00000| Untracked 
|  71|0x000000008db00000, 0x000000008db00000, 0x000000008dc00000|  0%| F|  |TAMS 0x000000008db00000, 0x000000008db00000| Untracked 
|  72|0x000000008dc00000, 0x000000008dc00000, 0x000000008dd00000|  0%| F|  |TAMS 0x000000008dc00000, 0x000000008dc00000| Untracked 
|  73|0x000000008dd00000, 0x000000008dd00000, 0x000000008de00000|  0%| F|  |TAMS 0x000000008dd00000, 0x000000008dd00000| Untracked 
|  74|0x000000008de00000, 0x000000008de00000, 0x000000008df00000|  0%| F|  |TAMS 0x000000008de00000, 0x000000008de00000| Untracked 
|  75|0x000000008df00000, 0x000000008df00000, 0x000000008e000000|  0%| F|  |TAMS 0x000000008df00000, 0x000000008df00000| Untracked 
|  76|0x000000008e000000, 0x000000008e000000, 0x000000008e100000|  0%| F|  |TAMS 0x000000008e000000, 0x000000008e000000| Untracked 
|  77|0x000000008e100000, 0x000000008e100000, 0x000000008e200000|  0%| F|  |TAMS 0x000000008e100000, 0x000000008e100000| Untracked 
|  78|0x000000008e200000, 0x000000008e200000, 0x000000008e300000|  0%| F|  |TAMS 0x000000008e200000, 0x000000008e200000| Untracked 
|  79|0x000000008e300000, 0x000000008e300000, 0x000000008e400000|  0%| F|  |TAMS 0x000000008e300000, 0x000000008e300000| Untracked 
|  80|0x000000008e400000, 0x000000008e400000, 0x000000008e500000|  0%| F|  |TAMS 0x000000008e400000, 0x000000008e400000| Untracked 
|  81|0x000000008e500000, 0x000000008e500000, 0x000000008e600000|  0%| F|  |TAMS 0x000000008e500000, 0x000000008e500000| Untracked 
|  82|0x000000008e600000, 0x000000008e600000, 0x000000008e700000|  0%| F|  |TAMS 0x000000008e600000, 0x000000008e600000| Untracked 
|  83|0x000000008e700000, 0x000000008e700000, 0x000000008e800000|  0%| F|  |TAMS 0x000000008e700000, 0x000000008e700000| Untracked 
|  84|0x000000008e800000, 0x000000008e800000, 0x000000008e900000|  0%| F|  |TAMS 0x000000008e800000, 0x000000008e800000| Untracked 
|  85|0x000000008e900000, 0x000000008e900000, 0x000000008ea00000|  0%| F|  |TAMS 0x000000008e900000, 0x000000008e900000| Untracked 
|  86|0x000000008ea00000, 0x000000008eacf900, 0x000000008eb00000| 81%| S|CS|TAMS 0x000000008ea00000, 0x000000008ea00000| Complete 
|  87|0x000000008eb00000, 0x000000008ec00000, 0x000000008ec00000|100%| S|CS|TAMS 0x000000008eb00000, 0x000000008eb00000| Complete 
|  88|0x000000008ec00000, 0x000000008ec00000, 0x000000008ed00000|  0%| F|  |TAMS 0x000000008ec00000, 0x000000008ec00000| Untracked 
|  89|0x000000008ed00000, 0x000000008ed00000, 0x000000008ee00000|  0%| F|  |TAMS 0x000000008ed00000, 0x000000008ed00000| Untracked 
|  90|0x000000008ee00000, 0x000000008ee00000, 0x000000008ef00000|  0%| F|  |TAMS 0x000000008ee00000, 0x000000008ee00000| Untracked 
|  91|0x000000008ef00000, 0x000000008ef00000, 0x000000008f000000|  0%| F|  |TAMS 0x000000008ef00000, 0x000000008ef00000| Untracked 
|  92|0x000000008f000000, 0x000000008f000000, 0x000000008f100000|  0%| F|  |TAMS 0x000000008f000000, 0x000000008f000000| Untracked 
|  93|0x000000008f100000, 0x000000008f100000, 0x000000008f200000|  0%| F|  |TAMS 0x000000008f100000, 0x000000008f100000| Untracked 
|  94|0x000000008f200000, 0x000000008f200000, 0x000000008f300000|  0%| F|  |TAMS 0x000000008f200000, 0x000000008f200000| Untracked 
|  95|0x000000008f300000, 0x000000008f300000, 0x000000008f400000|  0%| F|  |TAMS 0x000000008f300000, 0x000000008f300000| Untracked 
|  96|0x000000008f400000, 0x000000008f400000, 0x000000008f500000|  0%| F|  |TAMS 0x000000008f400000, 0x000000008f400000| Untracked 
|  97|0x000000008f500000, 0x000000008f500000, 0x000000008f600000|  0%| F|  |TAMS 0x000000008f500000, 0x000000008f500000| Untracked 
|  98|0x000000008f600000, 0x000000008f600000, 0x000000008f700000|  0%| F|  |TAMS 0x000000008f600000, 0x000000008f600000| Untracked 
|  99|0x000000008f700000, 0x000000008f700000, 0x000000008f800000|  0%| F|  |TAMS 0x000000008f700000, 0x000000008f700000| Untracked 
| 100|0x000000008f800000, 0x000000008f800000, 0x000000008f900000|  0%| F|  |TAMS 0x000000008f800000, 0x000000008f800000| Untracked 
| 101|0x000000008f900000, 0x000000008f900000, 0x000000008fa00000|  0%| F|  |TAMS 0x000000008f900000, 0x000000008f900000| Untracked 
| 102|0x000000008fa00000, 0x000000008fa00000, 0x000000008fb00000|  0%| F|  |TAMS 0x000000008fa00000, 0x000000008fa00000| Untracked 
| 103|0x000000008fb00000, 0x000000008fb00000, 0x000000008fc00000|  0%| F|  |TAMS 0x000000008fb00000, 0x000000008fb00000| Untracked 
| 104|0x000000008fc00000, 0x000000008fc00000, 0x000000008fd00000|  0%| F|  |TAMS 0x000000008fc00000, 0x000000008fc00000| Untracked 
| 105|0x000000008fd00000, 0x000000008fd00000, 0x000000008fe00000|  0%| F|  |TAMS 0x000000008fd00000, 0x000000008fd00000| Untracked 
| 106|0x000000008fe00000, 0x000000008fe00000, 0x000000008ff00000|  0%| F|  |TAMS 0x000000008fe00000, 0x000000008fe00000| Untracked 
| 107|0x000000008ff00000, 0x000000008ff00000, 0x0000000090000000|  0%| F|  |TAMS 0x000000008ff00000, 0x000000008ff00000| Untracked 
| 108|0x0000000090000000, 0x0000000090000000, 0x0000000090100000|  0%| F|  |TAMS 0x0000000090000000, 0x0000000090000000| Untracked 
| 109|0x0000000090100000, 0x0000000090100000, 0x0000000090200000|  0%| F|  |TAMS 0x0000000090100000, 0x0000000090100000| Untracked 
| 110|0x0000000090200000, 0x0000000090200000, 0x0000000090300000|  0%| F|  |TAMS 0x0000000090200000, 0x0000000090200000| Untracked 
| 111|0x0000000090300000, 0x0000000090300000, 0x0000000090400000|  0%| F|  |TAMS 0x0000000090300000, 0x0000000090300000| Untracked 
| 112|0x0000000090400000, 0x0000000090400000, 0x0000000090500000|  0%| F|  |TAMS 0x0000000090400000, 0x0000000090400000| Untracked 
| 113|0x0000000090500000, 0x0000000090500000, 0x0000000090600000|  0%| F|  |TAMS 0x0000000090500000, 0x0000000090500000| Untracked 
| 114|0x0000000090600000, 0x0000000090600000, 0x0000000090700000|  0%| F|  |TAMS 0x0000000090600000, 0x0000000090600000| Untracked 
| 115|0x0000000090700000, 0x0000000090700000, 0x0000000090800000|  0%| F|  |TAMS 0x0000000090700000, 0x0000000090700000| Untracked 
| 116|0x0000000090800000, 0x0000000090800000, 0x0000000090900000|  0%| F|  |TAMS 0x0000000090800000, 0x0000000090800000| Untracked 
| 117|0x0000000090900000, 0x0000000090900000, 0x0000000090a00000|  0%| F|  |TAMS 0x0000000090900000, 0x0000000090900000| Untracked 
| 118|0x0000000090a00000, 0x0000000090a00000, 0x0000000090b00000|  0%| F|  |TAMS 0x0000000090a00000, 0x0000000090a00000| Untracked 
| 119|0x0000000090b00000, 0x0000000090b00000, 0x0000000090c00000|  0%| F|  |TAMS 0x0000000090b00000, 0x0000000090b00000| Untracked 

Card table byte_map: [0x000002c119f60000,0x000002c11a320000] _byte_map_base: 0x000002c119b16000

Marking Bits (Prev, Next): (CMBitMap*) 0x000002c100e0afe0, (CMBitMap*) 0x000002c100e0afa0
 Prev Bits: [0x000002c11c490000, 0x000002c11e240000)
 Next Bits: [0x000002c11a6e0000, 0x000002c11c490000)

Polling page: 0x000002c100e80000

Metaspace:

Usage:
  Non-class:     43.77 MB used.
      Class:      5.58 MB used.
       Both:     49.34 MB used.

Virtual space:
  Non-class space:       64.00 MB reserved,      43.94 MB ( 69%) committed,  1 nodes.
      Class space:        1.00 GB reserved,       5.75 MB ( <1%) committed,  1 nodes.
             Both:        1.06 GB reserved,      49.69 MB (  5%) committed. 

Chunk freelists:
   Non-Class:  3.08 MB
       Class:  10.09 MB
        Both:  13.17 MB

MaxMetaspaceSize: unlimited
CompressedClassSpaceSize: 1.00 GB
Initial GC threshold: 21.00 MB
Current GC threshold: 80.44 MB
CDS: on
MetaspaceReclaimPolicy: balanced
 - commit_granule_bytes: 65536.
 - commit_granule_words: 8192.
 - virtual_space_node_default_size: 8388608.
 - enlarge_chunks_in_place: 1.
 - new_chunks_are_fully_committed: 0.
 - uncommit_free_chunks: 1.
 - use_allocation_guard: 0.
 - handle_deallocations: 1.


Internal statistics:

num_allocs_failed_limit: 3.
num_arena_births: 278.
num_arena_deaths: 0.
num_vsnodes_births: 2.
num_vsnodes_deaths: 0.
num_space_committed: 793.
num_space_uncommitted: 0.
num_chunks_returned_to_freelist: 3.
num_chunks_taken_from_freelist: 2084.
num_chunk_merges: 3.
num_chunk_splits: 1659.
num_chunks_enlarged: 1454.
num_inconsistent_stats: 0.

CodeHeap 'non-profiled nmethods': size=120000Kb used=4644Kb max_used=4644Kb free=115355Kb
 bounds [0x000002c111ac0000, 0x000002c111f50000, 0x000002c118ff0000]
CodeHeap 'profiled nmethods': size=120000Kb used=26610Kb max_used=26610Kb free=93389Kb
 bounds [0x000002c109ff0000, 0x000002c10b9f0000, 0x000002c111520000]
CodeHeap 'non-nmethods': size=5760Kb used=1302Kb max_used=1382Kb free=4458Kb
 bounds [0x000002c111520000, 0x000002c111790000, 0x000002c111ac0000]
 total_blobs=9005 nmethods=8395 adapters=518
 compilation: enabled
              stopped_count=0, restarted_count=0
 full_count=0

Compilation events (20 events):
Event: 9.091 Thread 0x000002c120f066a0 9909       1       org.jetbrains.kotlin.resolve.calls.inference.components.VariableFixationFinder$VariableForFixation::getVariable (5 bytes)
Event: 9.091 Thread 0x000002c120f066a0 nmethod 9909 0x000002c111eb6a10 code [0x000002c111eb6ba0, 0x000002c111eb6c78]
Event: 9.091 Thread 0x000002c120f066a0 9910       1       org.jetbrains.kotlin.resolve.calls.tower.PSIFunctionKotlinCallArgument::getDataFlowInfoBeforeThisArgument (5 bytes)
Event: 9.091 Thread 0x000002c120f066a0 nmethod 9910 0x000002c111eb6710 code [0x000002c111eb68a0, 0x000002c111eb6978]
Event: 9.096 Thread 0x000002c120f066a0 9911       3       org.jetbrains.kotlin.utils.DFS::ifAny (49 bytes)
Event: 9.096 Thread 0x000002c120f066a0 nmethod 9911 0x000002c10b9ed890 code [0x000002c10b9eda80, 0x000002c10b9ee0d8]
Event: 9.097 Thread 0x000002c120f066a0 9912       1       org.jetbrains.kotlin.resolve.calls.model.ResolvedLambdaAtom::getAtom (5 bytes)
Event: 9.097 Thread 0x000002c120f066a0 nmethod 9912 0x000002c111eb6190 code [0x000002c111eb6320, 0x000002c111eb63f8]
Event: 9.099 Thread 0x000002c120f066a0 9913       1       org.jetbrains.kotlin.resolve.calls.model.ResolvedLambdaAtom::getResultArgumentsInfo (5 bytes)
Event: 9.099 Thread 0x000002c120f066a0 nmethod 9913 0x000002c111f48a90 code [0x000002c111f48c20, 0x000002c111f48cf8]
Event: 9.099 Thread 0x000002c120f066a0 9914       1       org.jetbrains.kotlin.resolve.calls.tower.LambdaKotlinCallArgumentImpl::getKtLambdaExpression (5 bytes)
Event: 9.099 Thread 0x000002c120f066a0 nmethod 9914 0x000002c111f48d90 code [0x000002c111f48f20, 0x000002c111f48ff8]
Event: 9.099 Thread 0x000002c120f066a0 9915       1       org.jetbrains.kotlin.resolve.calls.components.ReturnArgumentsInfo::getNonErrorArguments (5 bytes)
Event: 9.099 Thread 0x000002c120f066a0 nmethod 9915 0x000002c111f49090 code [0x000002c111f49220, 0x000002c111f492f8]
Event: 9.100 Thread 0x000002c120f066a0 9916       3       org.jetbrains.kotlin.psi.KtElementImpl::acceptChildren (15 bytes)
Event: 9.100 Thread 0x000002c120f066a0 nmethod 9916 0x000002c10b9ee310 code [0x000002c10b9ee4c0, 0x000002c10b9ee678]
Event: 9.103 Thread 0x000002c120f066a0 9917       3       org.jetbrains.kotlin.psi.KtTypeParameterListOwnerStub::getTypeConstraints (34 bytes)
Event: 9.103 Thread 0x000002c120f066a0 nmethod 9917 0x000002c10b9ee790 code [0x000002c10b9eea00, 0x000002c10b9ef658]
Event: 9.103 Thread 0x000002c120f066a0 9918       3       org.jetbrains.kotlin.psi.KtTypeParameterListOwnerStub::getTypeConstraintList (11 bytes)
Event: 9.104 Thread 0x000002c120f066a0 nmethod 9918 0x000002c10b9efa10 code [0x000002c10b9efbc0, 0x000002c10b9efe88]

GC Heap History (20 events):
Event: 2.486 GC heap after
{Heap after GC invocations=6 (full 0):
 garbage-first heap   total 89088K, used 43138K [0x0000000089400000, 0x0000000100000000)
  region size 1024K, 3 young (3072K), 3 survivors (3072K)
 Metaspace       used 29802K, committed 30080K, reserved 1114112K
  class space    used 3739K, committed 3840K, reserved 1048576K
}
Event: 3.117 GC heap before
{Heap before GC invocations=6 (full 0):
 garbage-first heap   total 89088K, used 66690K [0x0000000089400000, 0x0000000100000000)
  region size 1024K, 27 young (27648K), 3 survivors (3072K)
 Metaspace       used 35178K, committed 35392K, reserved 1114112K
  class space    used 4349K, committed 4416K, reserved 1048576K
}
Event: 3.126 GC heap after
{Heap after GC invocations=7 (full 0):
 garbage-first heap   total 89088K, used 46286K [0x0000000089400000, 0x0000000100000000)
  region size 1024K, 3 young (3072K), 3 survivors (3072K)
 Metaspace       used 35178K, committed 35392K, reserved 1114112K
  class space    used 4349K, committed 4416K, reserved 1048576K
}
Event: 3.150 GC heap before
{Heap before GC invocations=8 (full 0):
 garbage-first heap   total 89088K, used 47310K [0x0000000089400000, 0x0000000100000000)
  region size 1024K, 5 young (5120K), 3 survivors (3072K)
 Metaspace       used 35286K, committed 35520K, reserved 1114112K
  class space    used 4368K, committed 4480K, reserved 1048576K
}
Event: 3.156 GC heap after
{Heap after GC invocations=9 (full 0):
 garbage-first heap   total 89088K, used 46762K [0x0000000089400000, 0x0000000100000000)
  region size 1024K, 1 young (1024K), 1 survivors (1024K)
 Metaspace       used 35286K, committed 35520K, reserved 1114112K
  class space    used 4368K, committed 4480K, reserved 1048576K
}
Event: 3.236 GC heap before
{Heap before GC invocations=10 (full 0):
 garbage-first heap   total 89088K, used 68266K [0x0000000089400000, 0x0000000100000000)
  region size 1024K, 22 young (22528K), 1 survivors (1024K)
 Metaspace       used 35344K, committed 35648K, reserved 1114112K
  class space    used 4368K, committed 4480K, reserved 1048576K
}
Event: 3.239 GC heap after
{Heap after GC invocations=11 (full 0):
 garbage-first heap   total 89088K, used 48352K [0x0000000089400000, 0x0000000100000000)
  region size 1024K, 3 young (3072K), 3 survivors (3072K)
 Metaspace       used 35344K, committed 35648K, reserved 1114112K
  class space    used 4368K, committed 4480K, reserved 1048576K
}
Event: 3.542 GC heap before
{Heap before GC invocations=11 (full 0):
 garbage-first heap   total 89088K, used 68832K [0x0000000089400000, 0x0000000100000000)
  region size 1024K, 23 young (23552K), 3 survivors (3072K)
 Metaspace       used 38510K, committed 38848K, reserved 1114112K
  class space    used 4760K, committed 4928K, reserved 1048576K
}
Event: 3.548 GC heap after
{Heap after GC invocations=12 (full 0):
 garbage-first heap   total 117760K, used 48635K [0x0000000089400000, 0x0000000100000000)
  region size 1024K, 2 young (2048K), 2 survivors (2048K)
 Metaspace       used 38510K, committed 38848K, reserved 1114112K
  class space    used 4760K, committed 4928K, reserved 1048576K
}
Event: 4.912 GC heap before
{Heap before GC invocations=13 (full 0):
 garbage-first heap   total 117760K, used 88571K [0x0000000089400000, 0x0000000100000000)
  region size 1024K, 41 young (41984K), 2 survivors (2048K)
 Metaspace       used 43307K, committed 43584K, reserved 1114112K
  class space    used 5148K, committed 5312K, reserved 1048576K
}
Event: 4.925 GC heap after
{Heap after GC invocations=14 (full 0):
 garbage-first heap   total 117760K, used 55655K [0x0000000089400000, 0x0000000100000000)
  region size 1024K, 6 young (6144K), 6 survivors (6144K)
 Metaspace       used 43307K, committed 43584K, reserved 1114112K
  class space    used 5148K, committed 5312K, reserved 1048576K
}
Event: 5.893 GC heap before
{Heap before GC invocations=14 (full 0):
 garbage-first heap   total 117760K, used 89447K [0x0000000089400000, 0x0000000100000000)
  region size 1024K, 39 young (39936K), 6 survivors (6144K)
 Metaspace       used 46511K, committed 46848K, reserved 1114112K
  class space    used 5463K, committed 5632K, reserved 1048576K
}
Event: 5.908 GC heap after
{Heap after GC invocations=15 (full 0):
 garbage-first heap   total 117760K, used 59781K [0x0000000089400000, 0x0000000100000000)
  region size 1024K, 4 young (4096K), 4 survivors (4096K)
 Metaspace       used 46511K, committed 46848K, reserved 1114112K
  class space    used 5463K, committed 5632K, reserved 1048576K
}
Event: 6.976 GC heap before
{Heap before GC invocations=15 (full 0):
 garbage-first heap   total 117760K, used 90501K [0x0000000089400000, 0x0000000100000000)
  region size 1024K, 34 young (34816K), 4 survivors (4096K)
 Metaspace       used 48975K, committed 49344K, reserved 1114112K
  class space    used 5629K, committed 5824K, reserved 1048576K
}
Event: 6.993 GC heap after
{Heap after GC invocations=16 (full 0):
 garbage-first heap   total 117760K, used 63694K [0x0000000089400000, 0x0000000100000000)
  region size 1024K, 4 young (4096K), 4 survivors (4096K)
 Metaspace       used 48975K, committed 49344K, reserved 1114112K
  class space    used 5629K, committed 5824K, reserved 1048576K
}
Event: 7.952 GC heap before
{Heap before GC invocations=17 (full 0):
 garbage-first heap   total 117760K, used 94414K [0x0000000089400000, 0x0000000100000000)
  region size 1024K, 33 young (33792K), 4 survivors (4096K)
 Metaspace       used 49858K, committed 50240K, reserved 1114112K
  class space    used 5678K, committed 5888K, reserved 1048576K
}
Event: 7.967 GC heap after
{Heap after GC invocations=18 (full 0):
 garbage-first heap   total 117760K, used 67525K [0x0000000089400000, 0x0000000100000000)
  region size 1024K, 4 young (4096K), 4 survivors (4096K)
 Metaspace       used 49858K, committed 50240K, reserved 1114112K
  class space    used 5678K, committed 5888K, reserved 1048576K
}
Event: 7.980 GC heap before
{Heap before GC invocations=18 (full 0):
 garbage-first heap   total 117760K, used 68549K [0x0000000089400000, 0x0000000100000000)
  region size 1024K, 5 young (5120K), 4 survivors (4096K)
 Metaspace       used 49864K, committed 50304K, reserved 1114112K
  class space    used 5678K, committed 5888K, reserved 1048576K
}
Event: 7.987 GC heap after
{Heap after GC invocations=19 (full 0):
 garbage-first heap   total 117760K, used 68332K [0x0000000089400000, 0x0000000100000000)
  region size 1024K, 1 young (1024K), 1 survivors (1024K)
 Metaspace       used 49864K, committed 50304K, reserved 1114112K
  class space    used 5678K, committed 5888K, reserved 1048576K
}
Event: 9.107 GC heap before
{Heap before GC invocations=19 (full 0):
 garbage-first heap   total 117760K, used 94956K [0x0000000089400000, 0x0000000100000000)
  region size 1024K, 27 young (27648K), 1 survivors (1024K)
 Metaspace       used 50526K, committed 50880K, reserved 1114112K
  class space    used 5709K, committed 5888K, reserved 1048576K
}

Deoptimization events (20 events):
Event: 8.818 Thread 0x000002c100db3c10 DEOPT PACKING pc=0x000002c111f42208 sp=0x000000fd3b7f7150
Event: 8.818 Thread 0x000002c100db3c10 DEOPT UNPACKING pc=0x000002c1115723a3 sp=0x000000fd3b7f7120 mode 2
Event: 8.818 Thread 0x000002c100db3c10 Uncommon trap: trap_request=0xffffffde fr.pc=0x000002c111f42208 relative=0x00000000000064c8
Event: 8.818 Thread 0x000002c100db3c10 Uncommon trap: reason=class_check action=maybe_recompile pc=0x000002c111f42208 method=org.jetbrains.kotlin.types.checker.NewCapturedTypeKt.captureArguments(Lorg/jetbrains/kotlin/types/UnwrappedType;Lorg/jetbrains/kotlin/types/model/CaptureStatus;)Ljava/ut
Event: 8.818 Thread 0x000002c100db3c10 DEOPT PACKING pc=0x000002c111f42208 sp=0x000000fd3b7f7150
Event: 8.818 Thread 0x000002c100db3c10 DEOPT UNPACKING pc=0x000002c1115723a3 sp=0x000000fd3b7f7120 mode 2
Event: 8.819 Thread 0x000002c100db3c10 Uncommon trap: trap_request=0xffffffde fr.pc=0x000002c111f42208 relative=0x00000000000064c8
Event: 8.819 Thread 0x000002c100db3c10 Uncommon trap: reason=class_check action=maybe_recompile pc=0x000002c111f42208 method=org.jetbrains.kotlin.types.checker.NewCapturedTypeKt.captureArguments(Lorg/jetbrains/kotlin/types/UnwrappedType;Lorg/jetbrains/kotlin/types/model/CaptureStatus;)Ljava/ut
Event: 8.819 Thread 0x000002c100db3c10 DEOPT PACKING pc=0x000002c111f42208 sp=0x000000fd3b7f7150
Event: 8.819 Thread 0x000002c100db3c10 DEOPT UNPACKING pc=0x000002c1115723a3 sp=0x000000fd3b7f7120 mode 2
Event: 8.831 Thread 0x000002c100db3c10 Uncommon trap: trap_request=0xffffff45 fr.pc=0x000002c111dd7d74 relative=0x0000000000000294
Event: 8.831 Thread 0x000002c100db3c10 Uncommon trap: reason=unstable_if action=reinterpret pc=0x000002c111dd7d74 method=org.jetbrains.kotlin.resolve.calls.util.ResolvedCallUtilKt.toResolutionStatus(Lorg/jetbrains/kotlin/resolve/calls/tower/CandidateApplicability;)Lorg/jetbrains/kotlin/resolve
Event: 8.831 Thread 0x000002c100db3c10 DEOPT PACKING pc=0x000002c111dd7d74 sp=0x000000fd3b7f8840
Event: 8.831 Thread 0x000002c100db3c10 DEOPT UNPACKING pc=0x000002c1115723a3 sp=0x000000fd3b7f87a0 mode 2
Event: 8.857 Thread 0x000002c100db3c10 Uncommon trap: trap_request=0xffffff45 fr.pc=0x000002c111dda29c relative=0x000000000000007c
Event: 8.857 Thread 0x000002c100db3c10 Uncommon trap: reason=unstable_if action=reinterpret pc=0x000002c111dda29c method=org.jetbrains.kotlin.resolve.calls.util.ResolvedCallUtilKt.toResolutionStatus(Lorg/jetbrains/kotlin/resolve/calls/tower/CandidateApplicability;)Lorg/jetbrains/kotlin/resolve
Event: 8.857 Thread 0x000002c100db3c10 DEOPT PACKING pc=0x000002c111dda29c sp=0x000000fd3b7f8800
Event: 8.857 Thread 0x000002c100db3c10 DEOPT UNPACKING pc=0x000002c1115723a3 sp=0x000000fd3b7f87a0 mode 2
Event: 8.913 Thread 0x000002c100db3c10 DEOPT PACKING pc=0x000002c10b046d86 sp=0x000000fd3b7f7830
Event: 8.913 Thread 0x000002c100db3c10 DEOPT UNPACKING pc=0x000002c111572b43 sp=0x000000fd3b7f6c90 mode 0

Classes unloaded (0 events):
No events

Classes redefined (0 events):
No events

Internal exceptions (20 events):
Event: 3.930 Thread 0x000002c100db3c10 Exception <a 'java/lang/NoSuchMethodError'{0x000000008fbfc568}: 'java.lang.Object java.lang.invoke.DirectMethodHandle$Holder.invokeSpecial(java.lang.Object, java.lang.Object, java.lang.Object, java.lang.Object, java.lang.Object, java.lang.Object, java.lang.Object, java.lang.Object, java.lang.Object)'> (0x000000008fbfc568) 
thrown [s\open\src\hotspot\share\interpreter\linkResolver.cpp, line 759]
Event: 3.931 Thread 0x000002c100db3c10 Exception <a 'java/lang/NoSuchMethodError'{0x000000008fa01a40}: 'java.lang.Object java.lang.invoke.Invokers$Holder.linkToTargetMethod(java.lang.Object, java.lang.Object, java.lang.Object, java.lang.Object, java.lang.Object, java.lang.Object, java.lang.Object, java.lang.Object)'> (0x000000008fa01a40) 
thrown [s\open\src\hotspot\share\interpreter\linkResolver.cpp, line 759]
Event: 4.160 Thread 0x000002c100db3c10 Exception <a 'java/lang/NoSuchMethodError'{0x000000008f45abb8}: 'java.lang.Object java.lang.invoke.DirectMethodHandle$Holder.invokeSpecial(java.lang.Object, java.lang.Object, java.lang.Object, java.lang.Object, java.lang.Object, java.lang.Object, int)'> (0x000000008f45abb8) 
thrown [s\open\src\hotspot\share\interpreter\linkResolver.cpp, line 759]
Event: 4.160 Thread 0x000002c100db3c10 Exception <a 'java/lang/NoSuchMethodError'{0x000000008f4643b0}: 'java.lang.Object java.lang.invoke.DirectMethodHandle$Holder.newInvokeSpecial(java.lang.Object, java.lang.Object, java.lang.Object, java.lang.Object, java.lang.Object, java.lang.Object)'> (0x000000008f4643b0) 
thrown [s\open\src\hotspot\share\interpreter\linkResolver.cpp, line 759]
Event: 4.316 Thread 0x000002c100db3c10 Exception <a 'java/lang/NoSuchMethodError'{0x000000008efe34b8}: 'java.lang.Object java.lang.invoke.DirectMethodHandle$Holder.newInvokeSpecial(java.lang.Object, int, java.lang.Object)'> (0x000000008efe34b8) 
thrown [s\open\src\hotspot\share\interpreter\linkResolver.cpp, line 759]
Event: 4.316 Thread 0x000002c100db3c10 Exception <a 'java/lang/NoSuchMethodError'{0x000000008efe9dc8}: 'int java.lang.invoke.DirectMethodHandle$Holder.invokeInterface(java.lang.Object, java.lang.Object)'> (0x000000008efe9dc8) 
thrown [s\open\src\hotspot\share\interpreter\linkResolver.cpp, line 759]
Event: 4.318 Thread 0x000002c100db3c10 Implicit null exception at 0x000002c111b07d8c to 0x000002c111b08198
Event: 4.318 Thread 0x000002c100db3c10 Implicit null exception at 0x000002c111af590f to 0x000002c111af5989
Event: 5.316 Thread 0x000002c100db3c10 Implicit null exception at 0x000002c111c33bdf to 0x000002c111c39024
Event: 5.344 Thread 0x000002c100db3c10 Implicit null exception at 0x000002c111c74637 to 0x000002c111c75bdc
Event: 5.715 Thread 0x000002c100db3c10 Exception <a 'java/lang/NoSuchMethodError'{0x000000008e94aa18}: 'java.lang.Object java.lang.invoke.DirectMethodHandle$Holder.newInvokeSpecial(java.lang.Object, java.lang.Object, java.lang.Object, java.lang.Object, java.lang.Object, java.lang.Object, java.lang.Object)'> (0x000000008e94aa18) 
thrown [s\open\src\hotspot\share\interpreter\linkResolver.cpp, line 759]
Event: 5.715 Thread 0x000002c100db3c10 Exception <a 'java/lang/NoSuchMethodError'{0x000000008e94f5d0}: 'java.lang.Object java.lang.invoke.Invokers$Holder.linkToTargetMethod(java.lang.Object, java.lang.Object, java.lang.Object, java.lang.Object, java.lang.Object, java.lang.Object, java.lang.Object)'> (0x000000008e94f5d0) 
thrown [s\open\src\hotspot\share\interpreter\linkResolver.cpp, line 759]
Event: 6.186 Thread 0x000002c100db3c10 Exception <a 'java/lang/NoSuchMethodError'{0x0000000090046b60}: 'java.lang.Object java.lang.invoke.DirectMethodHandle$Holder.newInvokeSpecial(java.lang.Object, int, java.lang.Object, java.lang.Object)'> (0x0000000090046b60) 
thrown [s\open\src\hotspot\share\interpreter\linkResolver.cpp, line 759]
Event: 6.186 Thread 0x000002c100db3c10 Exception <a 'java/lang/NoSuchMethodError'{0x000000009004b558}: 'java.lang.Object java.lang.invoke.DirectMethodHandle$Holder.invokeSpecial(java.lang.Object, java.lang.Object, int, java.lang.Object, java.lang.Object)'> (0x000000009004b558) 
thrown [s\open\src\hotspot\share\interpreter\linkResolver.cpp, line 759]
Event: 6.201 Thread 0x000002c100db3c10 Exception <a 'java/lang/NoSuchMethodError'{0x000000009008ded8}: 'java.lang.Object java.lang.invoke.DirectMethodHandle$Holder.invokeInterface(java.lang.Object, java.lang.Object, java.lang.Object)'> (0x000000009008ded8) 
thrown [s\open\src\hotspot\share\interpreter\linkResolver.cpp, line 759]
Event: 6.201 Thread 0x000002c100db3c10 Exception <a 'java/lang/IncompatibleClassChangeError'{0x0000000090091af0}: Found class java.lang.Object, but interface was expected> (0x0000000090091af0) 
thrown [s\open\src\hotspot\share\interpreter\linkResolver.cpp, line 826]
Event: 6.239 Thread 0x000002c100db3c10 Implicit null exception at 0x000002c111b8d712 to 0x000002c111b8db6c
Event: 6.250 Thread 0x000002c100db3c10 Exception <a 'java/lang/NoSuchMethodError'{0x000000008ffa8218}: 'java.lang.Object java.lang.invoke.DirectMethodHandle$Holder.invokeStatic(java.lang.Object, int, java.lang.Object)'> (0x000000008ffa8218) 
thrown [s\open\src\hotspot\share\interpreter\linkResolver.cpp, line 759]
Event: 6.661 Thread 0x000002c100db3c10 Implicit null exception at 0x000002c111e80730 to 0x000002c111e81b90
Event: 7.119 Thread 0x000002c100db3c10 Exception <a 'java/lang/NoSuchMethodError'{0x00000000904aee10}: 'int java.lang.invoke.DirectMethodHandle$Holder.invokeStaticInit(java.lang.Object, int)'> (0x00000000904aee10) 
thrown [s\open\src\hotspot\share\interpreter\linkResolver.cpp, line 759]

VM Operations (20 events):
Event: 8.202 Executing VM operation: HandshakeAllThreads done
Event: 8.202 Executing VM operation: HandshakeAllThreads
Event: 8.202 Executing VM operation: HandshakeAllThreads done
Event: 8.213 Executing VM operation: HandshakeAllThreads
Event: 8.213 Executing VM operation: HandshakeAllThreads done
Event: 8.215 Executing VM operation: ICBufferFull
Event: 8.215 Executing VM operation: ICBufferFull done
Event: 8.288 Executing VM operation: ICBufferFull
Event: 8.288 Executing VM operation: ICBufferFull done
Event: 8.392 Executing VM operation: ICBufferFull
Event: 8.392 Executing VM operation: ICBufferFull done
Event: 8.592 Executing VM operation: ICBufferFull
Event: 8.592 Executing VM operation: ICBufferFull done
Event: 8.756 Executing VM operation: ICBufferFull
Event: 8.756 Executing VM operation: ICBufferFull done
Event: 8.825 Executing VM operation: HandshakeAllThreads
Event: 8.825 Executing VM operation: HandshakeAllThreads done
Event: 8.967 Executing VM operation: ICBufferFull
Event: 8.968 Executing VM operation: ICBufferFull done
Event: 9.107 Executing VM operation: G1CollectForAllocation

Events (20 events):
Event: 7.764 Thread 0x000002c120f06fb0 flushing nmethod 0x000002c10b0c6810
Event: 7.764 Thread 0x000002c120f06fb0 flushing nmethod 0x000002c10b117a90
Event: 7.764 Thread 0x000002c120f06fb0 flushing nmethod 0x000002c10b191f10
Event: 7.764 Thread 0x000002c120f06fb0 flushing nmethod 0x000002c10b19ad10
Event: 7.764 Thread 0x000002c120f06fb0 flushing nmethod 0x000002c10b1a4290
Event: 7.764 Thread 0x000002c120f06fb0 flushing nmethod 0x000002c10b1ac110
Event: 7.765 Thread 0x000002c120f06fb0 flushing nmethod 0x000002c10b22ad10
Event: 7.765 Thread 0x000002c120f06fb0 flushing nmethod 0x000002c10b24a210
Event: 7.765 Thread 0x000002c120f06fb0 flushing nmethod 0x000002c10b27f810
Event: 7.765 Thread 0x000002c120f06fb0 flushing nmethod 0x000002c10b280790
Event: 7.765 Thread 0x000002c120f06fb0 flushing nmethod 0x000002c10b298590
Event: 7.765 Thread 0x000002c120f06fb0 flushing nmethod 0x000002c10b2b9610
Event: 7.766 Thread 0x000002c120f06fb0 flushing nmethod 0x000002c10b410010
Event: 8.205 Thread 0x000002c120f06fb0 flushing nmethod 0x000002c10a08e690
Event: 8.206 Thread 0x000002c120f06fb0 flushing nmethod 0x000002c10a1a9a90
Event: 8.215 Thread 0x000002c120f06fb0 flushing nmethod 0x000002c10aaf9910
Event: 8.218 Thread 0x000002c120f06fb0 flushing nmethod 0x000002c10ae63090
Event: 8.220 Thread 0x000002c120f06fb0 flushing nmethod 0x000002c10b1fd110
Event: 8.223 Thread 0x000002c120f06fb0 flushing nmethod 0x000002c10b51fe90
Event: 8.224 Thread 0x000002c120f06fb0 flushing nmethod 0x000002c10b59a590


Dynamic libraries:
0x00007ff75c710000 - 0x00007ff75c720000 	C:\Program Files\Java\jdk-17\bin\java.exe
0x00007ff962d80000 - 0x00007ff962fe6000 	C:\WINDOWS\SYSTEM32\ntdll.dll
0x00007ff961910000 - 0x00007ff9619d9000 	C:\WINDOWS\System32\KERNEL32.DLL
0x00007ff960090000 - 0x00007ff96045c000 	C:\WINDOWS\System32\KERNELBASE.dll
0x00007ff95ff40000 - 0x00007ff96008b000 	C:\WINDOWS\System32\ucrtbase.dll
0x00007ff94fcd0000 - 0x00007ff94fce9000 	C:\Program Files\Java\jdk-17\bin\jli.dll
0x00007ff962a50000 - 0x00007ff962b02000 	C:\WINDOWS\System32\ADVAPI32.dll
0x00007ff962060000 - 0x00007ff962109000 	C:\WINDOWS\System32\msvcrt.dll
0x00007ff94fc80000 - 0x00007ff94fc9b000 	C:\Program Files\Java\jdk-17\bin\VCRUNTIME140.dll
0x00007ff962270000 - 0x00007ff962316000 	C:\WINDOWS\System32\sechost.dll
0x00007ff962c20000 - 0x00007ff962d36000 	C:\WINDOWS\System32\RPCRT4.dll
0x00007ff9610a0000 - 0x00007ff96126a000 	C:\WINDOWS\System32\USER32.dll
0x00007ff95ff10000 - 0x00007ff95ff37000 	C:\WINDOWS\System32\win32u.dll
0x00007ff961ea0000 - 0x00007ff961ecb000 	C:\WINDOWS\System32\GDI32.dll
0x00007ff960590000 - 0x00007ff9606c2000 	C:\WINDOWS\System32\gdi32full.dll
0x00007ff960910000 - 0x00007ff9609b3000 	C:\WINDOWS\System32\msvcp_win.dll
0x00007ff94b050000 - 0x00007ff94b2ea000 	C:\WINDOWS\WinSxS\amd64_microsoft.windows.common-controls_6595b64144ccf1df_6.0.26100.3912_none_3e07963ce335137e\COMCTL32.dll
0x00007ff957800000 - 0x00007ff95780b000 	C:\WINDOWS\SYSTEM32\VERSION.dll
0x00007ff960b40000 - 0x00007ff960b70000 	C:\WINDOWS\System32\IMM32.DLL
0x00007ff950990000 - 0x00007ff95099c000 	C:\Program Files\Java\jdk-17\bin\vcruntime140_1.dll
0x00007ff8ffe30000 - 0x00007ff8ffebe000 	C:\Program Files\Java\jdk-17\bin\msvcp140.dll
0x00007ff8e2c30000 - 0x00007ff8e3811000 	C:\Program Files\Java\jdk-17\bin\server\jvm.dll
0x00007ff962c10000 - 0x00007ff962c18000 	C:\WINDOWS\System32\PSAPI.DLL
0x00007ff953440000 - 0x00007ff95344a000 	C:\WINDOWS\SYSTEM32\WSOCK32.dll
0x00007ff9577c0000 - 0x00007ff9577f6000 	C:\WINDOWS\SYSTEM32\WINMM.dll
0x00007ff9617f0000 - 0x00007ff961864000 	C:\WINDOWS\System32\WS2_32.dll
0x00007ff95ecd0000 - 0x00007ff95ecea000 	C:\WINDOWS\SYSTEM32\kernel.appcore.dll
0x00007ff950800000 - 0x00007ff95080a000 	C:\Program Files\Java\jdk-17\bin\jimage.dll
0x00007ff954970000 - 0x00007ff954bb1000 	C:\WINDOWS\SYSTEM32\DBGHELP.DLL
0x00007ff961270000 - 0x00007ff9615f4000 	C:\WINDOWS\System32\combase.dll
0x00007ff962110000 - 0x00007ff9621f0000 	C:\WINDOWS\System32\OLEAUT32.dll
0x00007ff9420f0000 - 0x00007ff942129000 	C:\WINDOWS\SYSTEM32\dbgcore.DLL
0x00007ff960460000 - 0x00007ff9604f9000 	C:\WINDOWS\System32\bcryptPrimitives.dll
0x00007ff947b10000 - 0x00007ff947b35000 	C:\Program Files\Java\jdk-17\bin\java.dll
0x00007ff8f3a10000 - 0x00007ff8f3ae7000 	C:\Program Files\Java\jdk-17\bin\jsvml.dll
0x00007ff962320000 - 0x00007ff962a4d000 	C:\WINDOWS\System32\SHELL32.dll
0x00007ff9606d0000 - 0x00007ff960844000 	C:\WINDOWS\System32\wintypes.dll
0x00007ff95db60000 - 0x00007ff95e3b6000 	C:\WINDOWS\SYSTEM32\windows.storage.dll
0x00007ff962b10000 - 0x00007ff962bff000 	C:\WINDOWS\System32\SHCORE.dll
0x00007ff962200000 - 0x00007ff962269000 	C:\WINDOWS\System32\shlwapi.dll
0x00007ff95fe20000 - 0x00007ff95fe4f000 	C:\WINDOWS\SYSTEM32\profapi.dll
0x00007ff92c4a0000 - 0x00007ff92c4b9000 	C:\Program Files\Java\jdk-17\bin\net.dll
0x00007ff95a530000 - 0x00007ff95a64e000 	C:\WINDOWS\SYSTEM32\WINHTTP.dll
0x00007ff95f240000 - 0x00007ff95f2aa000 	C:\WINDOWS\system32\mswsock.dll
0x00007ff92c480000 - 0x00007ff92c496000 	C:\Program Files\Java\jdk-17\bin\nio.dll
0x00007ff92c710000 - 0x00007ff92c728000 	C:\Program Files\Java\jdk-17\bin\zip.dll
0x00007ff9501c0000 - 0x00007ff9501d0000 	C:\Program Files\Java\jdk-17\bin\verify.dll

dbghelp: loaded successfully - version: 4.0.5 - missing functions: none
symbol engine: initialized successfully - sym options: 0x614 - pdb path: .;C:\Program Files\Java\jdk-17\bin;C:\WINDOWS\SYSTEM32;C:\WINDOWS\WinSxS\amd64_microsoft.windows.common-controls_6595b64144ccf1df_6.0.26100.3912_none_3e07963ce335137e;C:\Program Files\Java\jdk-17\bin\server

VM Arguments:
java_command: org.jetbrains.kotlin.cli.jvm.K2JVMCompiler @C:\Users\91700\OneDrive\Desktop\Projects\Market-Place-2\Market-place\node_modules\@react-native\gradle-plugin\react-native-gradle-plugin\build\20250517_5070036964040049112.compiler.options
java_class_path (initial): C:\Users\91700\.gradle\caches\modules-2\files-2.1\org.jetbrains.kotlin\kotlin-compiler-embeddable\1.9.24\78dab849090e6c5e2eadb6e59a11cdc28fb67a08\kotlin-compiler-embeddable-1.9.24.jar;C:\Users\91700\.gradle\caches\modules-2\files-2.1\org.jetbrains.kotlin\kotlin-stdlib\1.9.24\9928532f12c66ad816a625b3f9984f8368ca6d2b\kotlin-stdlib-1.9.24.jar;C:\Users\91700\.gradle\caches\modules-2\files-2.1\org.jetbrains.kotlin\kotlin-script-runtime\1.9.24\96771497da90fbc5af1c90fce148db2595a62502\kotlin-script-runtime-1.9.24.jar;C:\Users\91700\.gradle\caches\modules-2\files-2.1\org.jetbrains.kotlin\kotlin-reflect\1.6.10\1cbe9c92c12a94eea200d23c2bbaedaf3daf5132\kotlin-reflect-1.6.10.jar;C:\Users\91700\.gradle\caches\modules-2\files-2.1\org.jetbrains.kotlin\kotlin-daemon-embeddable\1.9.24\86685b9c5e8d170925bd9ddbdc263374a6a73281\kotlin-daemon-embeddable-1.9.24.jar;C:\Users\91700\.gradle\caches\modules-2\files-2.1\org.jetbrains.intellij.deps\trove4j\1.0.20200330\3afb14d5f9ceb459d724e907a21145e8ff394f02\trove4j-1.0.20200330.jar;C:\Users\91700\.gradle\caches\modules-2\files-2.1\org.jetbrains\annotations\13.0\919f0dfe192fb4e063e7dacadee7f8bb9a2672a9\annotations-13.0.jar
Launcher Type: SUN_STANDARD

[Global flags]
     intx CICompilerCount                          = 4                                         {product} {ergonomic}
     uint ConcGCThreads                            = 3                                         {product} {ergonomic}
     uint G1ConcRefinementThreads                  = 10                                        {product} {ergonomic}
   size_t G1HeapRegionSize                         = 1048576                                   {product} {ergonomic}
    uintx GCDrainStackTargetSize                   = 64                                        {product} {ergonomic}
   size_t InitialHeapSize                          = 125829120                                 {product} {ergonomic}
   size_t MarkStackSize                            = 4194304                                   {product} {ergonomic}
   size_t MaxHeapSize                              = 1992294400                                {product} {ergonomic}
   size_t MaxNewSize                               = 1195376640                                {product} {ergonomic}
   size_t MinHeapDeltaBytes                        = 1048576                                   {product} {ergonomic}
   size_t MinHeapSize                              = 8388608                                   {product} {ergonomic}
    uintx NonNMethodCodeHeapSize                   = 5839372                                {pd product} {ergonomic}
    uintx NonProfiledCodeHeapSize                  = 122909434                              {pd product} {ergonomic}
    uintx ProfiledCodeHeapSize                     = 122909434                              {pd product} {ergonomic}
    uintx ReservedCodeCacheSize                    = 251658240                              {pd product} {ergonomic}
     bool SegmentedCodeCache                       = true                                      {product} {ergonomic}
   size_t SoftMaxHeapSize                          = 1992294400                             {manageable} {ergonomic}
     bool UseCompressedClassPointers               = true                           {product lp64_product} {ergonomic}
     bool UseCompressedOops                        = true                           {product lp64_product} {ergonomic}
     bool UseG1GC                                  = true                                      {product} {ergonomic}
     bool UseLargePagesIndividualAllocation        = false                                  {pd product} {ergonomic}

Logging:
Log output configuration:
 #0: stdout all=warning uptime,level,tags
 #1: stderr all=off uptime,level,tags

Environment Variables:
JAVA_HOME=C:\Program Files\Java\jdk-17
PATH=C:\Program Files\OpenLogic\jdk-11.0.25.9-hotspot\bin;c:\Users\91700\AppData\Local\Programs\cursor\resources\app\bin;C:\Program Files\Common Files\Oracle\Java\javapath;C:\Windows\system32;C:\Windows;C:\Windows\System32\Wbem;C:\Windows\System32\WindowsPowerShell\v1.0\;C:\Windows\System32\OpenSSH\;C:\Program Files (x86)\NVIDIA Corporation\PhysX\Common;C:\WINDOWS\system32;C:\WINDOWS;C:\WINDOWS\System32\Wbem;C:\WINDOWS\System32\WindowsPowerShell\v1.0\;C:\WINDOWS\System32\OpenSSH\;C:\MinGW\bin;C:\Program Files (x86)\nodejs\;C:\Program Files\Git\cmd;C:\Program Files\MySQL\MySQL Shell 8.0\bin\;C:\Users\91700\AppData\Local\Programs\Python\Python312\Scripts\;C:\Users\91700\AppData\Local\Programs\Python\Python312\;C:\Users\91700\AppData\Local\Programs\Python\Launcher\;C:\Users\91700\AppData\Local\Microsoft\WindowsApps;C:\Program Files\JetBrains\IntelliJ IDEA Community Edition 2022.3.3\bin;C:\Users\91700\AppData\Roaming\npm;C:\Program Files\JetBrains\PyCharm 2023.3.1\bin;C:\P;C:\Program Files\NVIDIA Corporation\NVIDIA app\NvDLISR;C:\Users\91700\AppData\Local\Android\Sdk;C:\Users\91700\AppData\Local\Android\Sdk\platform-tools;;C:\ProgramData\chocolatey\bin;C:\Program Files\dotnet\;C:\WINDOWS\system32;C:\WINDOWS;C:\WINDOWS\System32\Wbem;C:\WINDOWS\System32\WindowsPowerShell\v1.0\;C:\WINDOWS\System32\OpenSSH\;C:\Program Files\MySQL\MySQL Shell 8.0\bin\;C:\Users\91700\AppData\Local\Programs\Python\Python312\Scripts\;C:\Users\91700\AppData\Local\Programs\Python\Python312\;C:\Users\91700\AppData\Local\Programs\Python\Launcher\;C:\Users\91700\AppData\Local\Microsoft\WindowsApps;C:\Program Files\JetBrains\IntelliJ IDEA Community Edition 2022.3.3\bin;C:\Users\91700\AppData\Roaming\npm;C:\Program Files\JetBrains\PyCharm 2023.3.1\bin;C:\Program Files\JetBrains\PyCharm Community Edition 2023.3.1\bin;C:\Users\91700\AppData\Local\GitHubDesktop\bin;C:\Users\91700\AppData\Local\Programs\Microsoft VS Code\bin;C:\Users\91700\AppData\Local\Android\Sdk;C:\Users\91700\AppData\Local\Android\Sdk\pl
USERNAME=91700
OS=Windows_NT
PROCESSOR_IDENTIFIER=AMD64 Family 23 Model 96 Stepping 1, AuthenticAMD



---------------  S Y S T E M  ---------------

OS:
 Windows 11 , 64 bit Build 26100 (10.0.26100.3912)
OS uptime: 0 days 5:32 hours
Hyper-V role detected

CPU: total 12 (initial active 12) (12 cores per cpu, 2 threads per core) family 23 model 96 stepping 1 microcode 0x8600106, cx8, cmov, fxsr, ht, mmx, 3dnowpref, sse, sse2, sse3, ssse3, sse4a, sse4.1, sse4.2, popcnt, lzcnt, tsc, tscinvbit, avx, avx2, aes, clmul, bmi1, bmi2, adx, sha, fma, vzeroupper, clflush, clflushopt, hv

Memory: 4k page, system-wide physical 7597M (529M free)
TotalPageFile size 15789M (AvailPageFile size 26M)
current process WorkingSet (physical memory assigned to process): 302M, peak: 339M
current process commit charge ("private bytes"): 354M, peak: 501M

vm_info: Java HotSpot(TM) 64-Bit Server VM (17.0.14+8-LTS-191) for windows-amd64 JRE (17.0.14+8-LTS-191), built on Dec  3 2024 11:07:59 by "mach5one" with MS VC++ 17.6 (VS2022)

END.
