#
# There is insufficient memory for the Java Runtime Environment to continue.
# Native memory allocation (mmap) failed to map 9437184 bytes for G1 virtual space
# Possible reasons:
#   The system is out of physical RAM or swap space
#   The process is running with CompressedOops enabled, and the Java Heap may be blocking the growth of the native heap
# Possible solutions:
#   Reduce memory load on the system
#   Increase physical memory or swap space
#   Check if swap backing store is full
#   Decrease Java heap size (-Xmx/-Xms)
#   Decrease number of Java threads
#   Decrease Java thread stack sizes (-Xss)
#   Set larger code cache with -XX:ReservedCodeCacheSize=
#   JVM is running with Unscaled Compressed Oops mode in which the Java heap is
#     placed in the first 4GB address space. The Java Heap base address is the
#     maximum limit for the native heap growth. Please use -XX:HeapBaseMinAddress
#     to set the Java Heap base and to place the Java Heap above 4GB virtual address.
# This output file may be truncated or incomplete.
#
#  Out of Memory Error (os_windows.cpp:3551), pid=19904, tid=23444
#
# JRE version: Java(TM) SE Runtime Environment (17.0.14+8) (build 17.0.14+8-LTS-191)
# Java VM: Java HotSpot(TM) 64-Bit Server VM (17.0.14+8-LTS-191, mixed mode, sharing, tiered, compressed oops, compressed class ptrs, g1 gc, windows-amd64)
# No core dump will be written. Minidumps are not enabled by default on client versions of Windows
#

---------------  S U M M A R Y ------------

Command Line: org.jetbrains.kotlin.cli.jvm.K2JVMCompiler @C:\Users\91700\OneDrive\Desktop\Projects\Market-Place-2\Market-place\node_modules\@react-native\gradle-plugin\react-native-gradle-plugin\build\20250517_1649365478613082708.compiler.options

Host: AMD Ryzen 5 4600H with Radeon Graphics         , 12 cores, 7G,  Windows 11 , 64 bit Build 26100 (10.0.26100.3912)
Time: Sat May 17 18:37:48 2025 India Standard Time elapsed time: 9.579227 seconds (0d 0h 0m 9s)

---------------  T H R E A D  ---------------

Current thread (0x000002603430f580):  VMThread "VM Thread" [stack: 0x000000b237900000,0x000000b237a00000] [id=23444]

Stack: [0x000000b237900000,0x000000b237a00000]
Native frames: (J=compiled Java code, j=interpreted, Vv=VM code, C=native code)
V  [jvm.dll+0x67a38a]
V  [jvm.dll+0x7da7ed]
V  [jvm.dll+0x7dc133]
V  [jvm.dll+0x7dc7a3]
V  [jvm.dll+0x24517f]
V  [jvm.dll+0x6773b9]
V  [jvm.dll+0x66c062]
V  [jvm.dll+0x302096]
V  [jvm.dll+0x309636]
V  [jvm.dll+0x359f8e]
V  [jvm.dll+0x35a1bf]
V  [jvm.dll+0x2d9168]
V  [jvm.dll+0x2d759d]
V  [jvm.dll+0x2d6bec]
V  [jvm.dll+0x31a74b]
V  [jvm.dll+0x7e109b]
V  [jvm.dll+0x7e1dd4]
V  [jvm.dll+0x7e22ed]
V  [jvm.dll+0x7e26c4]
V  [jvm.dll+0x7e2790]
V  [jvm.dll+0x78b04a]
V  [jvm.dll+0x679275]
C  [ucrtbase.dll+0x37b0]
C  [KERNEL32.DLL+0x2e8d7]
C  [ntdll.dll+0x9c5dc]

VM_Operation (0x000000b2373f9550): G1CollectForAllocation, mode: safepoint, requested by thread 0x00000260159e3080


---------------  P R O C E S S  ---------------

Threads class SMR info:
_java_thread_list=0x000002607b5fbd30, length=14, elements={
0x00000260159e3080, 0x0000026034312f20, 0x00000260343138e0, 0x000002603432b4e0,
0x000002603432bea0, 0x000002603432c860, 0x000002603432d220, 0x000002603432f4f0,
0x00000260343382d0, 0x000002603433c0e0, 0x000002603458afa0, 0x00000260345958d0,
0x000002607a002600, 0x000002607a000b70
}

Java Threads: ( => current thread )
  0x00000260159e3080 JavaThread "main" [_thread_blocked, id=18344, stack(0x000000b237300000,0x000000b237400000)]
  0x0000026034312f20 JavaThread "Reference Handler" daemon [_thread_blocked, id=20220, stack(0x000000b237a00000,0x000000b237b00000)]
  0x00000260343138e0 JavaThread "Finalizer" daemon [_thread_blocked, id=21528, stack(0x000000b237b00000,0x000000b237c00000)]
  0x000002603432b4e0 JavaThread "Signal Dispatcher" daemon [_thread_blocked, id=21448, stack(0x000000b237c00000,0x000000b237d00000)]
  0x000002603432bea0 JavaThread "Attach Listener" daemon [_thread_blocked, id=11352, stack(0x000000b237d00000,0x000000b237e00000)]
  0x000002603432c860 JavaThread "Service Thread" daemon [_thread_blocked, id=19108, stack(0x000000b237e00000,0x000000b237f00000)]
  0x000002603432d220 JavaThread "Monitor Deflation Thread" daemon [_thread_blocked, id=4884, stack(0x000000b237f00000,0x000000b238000000)]
  0x000002603432f4f0 JavaThread "C2 CompilerThread0" daemon [_thread_blocked, id=10824, stack(0x000000b238000000,0x000000b238100000)]
  0x00000260343382d0 JavaThread "C1 CompilerThread0" daemon [_thread_blocked, id=304, stack(0x000000b238100000,0x000000b238200000)]
  0x000002603433c0e0 JavaThread "Sweeper thread" daemon [_thread_blocked, id=20600, stack(0x000000b238200000,0x000000b238300000)]
  0x000002603458afa0 JavaThread "Notification Thread" daemon [_thread_blocked, id=21028, stack(0x000000b238300000,0x000000b238400000)]
  0x00000260345958d0 JavaThread "Common-Cleaner" daemon [_thread_blocked, id=7876, stack(0x000000b238500000,0x000000b238600000)]
  0x000002607a002600 JavaThread "C2 CompilerThread1" daemon [_thread_blocked, id=10100, stack(0x000000b238b00000,0x000000b238c00000)]
  0x000002607a000b70 JavaThread "C2 CompilerThread2" daemon [_thread_blocked, id=2276, stack(0x000000b238f00000,0x000000b239000000)]

Other Threads:
=>0x000002603430f580 VMThread "VM Thread" [stack: 0x000000b237900000,0x000000b237a00000] [id=23444]
  0x0000026015a55b10 WatcherThread [stack: 0x000000b238400000,0x000000b238500000] [id=16476]
  0x0000026015a3b280 GCTaskThread "GC Thread#0" [stack: 0x000000b237400000,0x000000b237500000] [id=18492]
  0x000002607a262260 GCTaskThread "GC Thread#1" [stack: 0x000000b238600000,0x000000b238700000] [id=452]
  0x000002607a22de90 GCTaskThread "GC Thread#2" [stack: 0x000000b238700000,0x000000b238800000] [id=22380]
  0x000002607a22e150 GCTaskThread "GC Thread#3" [stack: 0x000000b238800000,0x000000b238900000] [id=22096]
  0x000002607a212350 GCTaskThread "GC Thread#4" [stack: 0x000000b238900000,0x000000b238a00000] [id=14508]
  0x000002607a212610 GCTaskThread "GC Thread#5" [stack: 0x000000b238a00000,0x000000b238b00000] [id=5392]
  0x000002607a47b9c0 GCTaskThread "GC Thread#6" [stack: 0x000000b238c00000,0x000000b238d00000] [id=7296]
  0x000002607a47ac00 GCTaskThread "GC Thread#7" [stack: 0x000000b238d00000,0x000000b238e00000] [id=4240]
  0x000002607a47aec0 GCTaskThread "GC Thread#8" [stack: 0x000000b238e00000,0x000000b238f00000] [id=13660]
  0x000002607a47b180 GCTaskThread "GC Thread#9" [stack: 0x000000b239000000,0x000000b239100000] [id=2456]
  0x0000026015a4af50 ConcurrentGCThread "G1 Main Marker" [stack: 0x000000b237500000,0x000000b237600000] [id=8220]
  0x0000026015a4b960 ConcurrentGCThread "G1 Conc#0" [stack: 0x000000b237600000,0x000000b237700000] [id=16924]
  0x000002607a47b440 ConcurrentGCThread "G1 Conc#1" [stack: 0x000000b239100000,0x000000b239200000] [id=22836]
  0x000002607a47bc80 ConcurrentGCThread "G1 Conc#2" [stack: 0x000000b239300000,0x000000b239400000] [id=11508]
  0x00000260341c3670 ConcurrentGCThread "G1 Refine#0" [stack: 0x000000b237700000,0x000000b237800000] [id=21492]
  0x000002607b7cec80 ConcurrentGCThread "G1 Refine#1" [stack: 0x000000b239200000,0x000000b239300000] [id=18412]
  0x000002607b299c30 ConcurrentGCThread "G1 Refine#2" [stack: 0x000000b239400000,0x000000b239500000] [id=21356]
  0x000002607b7ce500 ConcurrentGCThread "G1 Refine#3" [stack: 0x000000b239500000,0x000000b239600000] [id=21928]
  0x000002607b43fe50 ConcurrentGCThread "G1 Refine#4" [stack: 0x000000b239600000,0x000000b239700000] [id=14272]
  0x000002607ac54020 ConcurrentGCThread "G1 Refine#5" [stack: 0x000000b239700000,0x000000b239800000] [id=11824]
  0x000002607b1bd4d0 ConcurrentGCThread "G1 Refine#6" [stack: 0x000000b239800000,0x000000b239900000] [id=9020]
  0x00000260341c5e50 ConcurrentGCThread "G1 Service" [stack: 0x000000b237800000,0x000000b237900000] [id=2352]

Threads with active compile tasks:
C2 CompilerThread0     9597 3272       4       org.jetbrains.kotlin.metadata.ProtoBuf$Type::getSerializedSize (393 bytes)
C1 CompilerThread0     9597 3296       3       org.jetbrains.kotlin.metadata.ProtoBuf$Annotation$Argument$Value::getSerializedSize (311 bytes)
C2 CompilerThread1     9597 3217   !   4       org.jetbrains.kotlin.metadata.ProtoBuf$Type::<init> (875 bytes)
C2 CompilerThread2     9597 3245   !   4       org.jetbrains.kotlin.metadata.ProtoBuf$Function::<init> (1410 bytes)

VM state: at safepoint (normal execution)

VM Mutex/Monitor currently owned by a thread:  ([mutex/lock_event])
[0x00000260159df080] Threads_lock - owner thread: 0x000002603430f580
[0x00000260159deae0] Heap_lock - owner thread: 0x00000260159e3080

Heap address: 0x0000000089400000, size: 1900 MB, Compressed Oops mode: 32-bit

CDS archive(s) mapped at: [0x0000026035000000-0x0000026035bd0000-0x0000026035bd0000), size 12386304, SharedBaseAddress: 0x0000026035000000, ArchiveRelocationMode: 1.
Compressed class space mapped at: 0x0000026036000000-0x0000026076000000, reserved size: 1073741824
Narrow klass base: 0x0000026035000000, Narrow klass shift: 0, Narrow klass range: 0x100000000

GC Precious Log:
 CPUs: 12 total, 12 available
 Memory: 7597M
 Large Page Support: Disabled
 NUMA Support: Disabled
 Compressed Oops: Enabled (32-bit)
 Heap Region Size: 1M
 Heap Min Capacity: 8M
 Heap Initial Capacity: 120M
 Heap Max Capacity: 1900M
 Pre-touch: Disabled
 Parallel Workers: 10
 Concurrent Workers: 3
 Concurrent Refinement Workers: 10
 Periodic GC: Disabled

Heap:
 garbage-first heap   total 113664K, used 50121K [0x0000000089400000, 0x0000000100000000)
  region size 1024K, 1 young (1024K), 1 survivors (1024K)
 Metaspace       used 35374K, committed 35648K, reserved 1114112K
  class space    used 4369K, committed 4480K, reserved 1048576K

Heap Regions: E=young(eden), S=young(survivor), O=old, HS=humongous(starts), HC=humongous(continues), CS=collection set, F=free, OA=open archive, CA=closed archive, TAMS=top-at-mark-start (previous, next)
|   0|0x0000000089400000, 0x0000000089500000, 0x0000000089500000|100%|HS|  |TAMS 0x0000000089500000, 0x0000000089400000| Complete 
|   1|0x0000000089500000, 0x0000000089600000, 0x0000000089600000|100%|HC|  |TAMS 0x0000000089600000, 0x0000000089500000| Complete 
|   2|0x0000000089600000, 0x0000000089700000, 0x0000000089700000|100%|HC|  |TAMS 0x0000000089700000, 0x0000000089600000| Complete 
|   3|0x0000000089700000, 0x0000000089800000, 0x0000000089800000|100%|HC|  |TAMS 0x0000000089800000, 0x0000000089700000| Complete 
|   4|0x0000000089800000, 0x0000000089900000, 0x0000000089900000|100%|HS|  |TAMS 0x0000000089900000, 0x0000000089800000| Complete 
|   5|0x0000000089900000, 0x0000000089a00000, 0x0000000089a00000|100%|HC|  |TAMS 0x0000000089a00000, 0x0000000089900000| Complete 
|   6|0x0000000089a00000, 0x0000000089b00000, 0x0000000089b00000|100%|HC|  |TAMS 0x0000000089b00000, 0x0000000089a00000| Complete 
|   7|0x0000000089b00000, 0x0000000089c00000, 0x0000000089c00000|100%|HC|  |TAMS 0x0000000089c00000, 0x0000000089b00000| Complete 
|   8|0x0000000089c00000, 0x0000000089d00000, 0x0000000089d00000|100%|HC|  |TAMS 0x0000000089d00000, 0x0000000089c00000| Complete 
|   9|0x0000000089d00000, 0x0000000089e00000, 0x0000000089e00000|100%|HC|  |TAMS 0x0000000089e00000, 0x0000000089d00000| Complete 
|  10|0x0000000089e00000, 0x0000000089f00000, 0x0000000089f00000|100%|HS|  |TAMS 0x0000000089f00000, 0x0000000089e00000| Complete 
|  11|0x0000000089f00000, 0x000000008a000000, 0x000000008a000000|100%| O|  |TAMS 0x000000008a000000, 0x0000000089f00000| Untracked 
|  12|0x000000008a000000, 0x000000008a100000, 0x000000008a100000|100%| O|  |TAMS 0x000000008a100000, 0x000000008a000000| Untracked 
|  13|0x000000008a100000, 0x000000008a200000, 0x000000008a200000|100%| O|  |TAMS 0x000000008a200000, 0x000000008a100000| Untracked 
|  14|0x000000008a200000, 0x000000008a300000, 0x000000008a300000|100%|HS|  |TAMS 0x000000008a300000, 0x000000008a200000| Complete 
|  15|0x000000008a300000, 0x000000008a400000, 0x000000008a400000|100%|HC|  |TAMS 0x000000008a400000, 0x000000008a300000| Complete 
|  16|0x000000008a400000, 0x000000008a500000, 0x000000008a500000|100%|HS|  |TAMS 0x000000008a500000, 0x000000008a400000| Complete 
|  17|0x000000008a500000, 0x000000008a600000, 0x000000008a600000|100%|HS|  |TAMS 0x000000008a600000, 0x000000008a500000| Complete 
|  18|0x000000008a600000, 0x000000008a700000, 0x000000008a700000|100%| O|  |TAMS 0x000000008a700000, 0x000000008a600000| Untracked 
|  19|0x000000008a700000, 0x000000008a800000, 0x000000008a800000|100%| O|  |TAMS 0x000000008a800000, 0x000000008a700000| Untracked 
|  20|0x000000008a800000, 0x000000008a900000, 0x000000008a900000|100%| O|  |TAMS 0x000000008a900000, 0x000000008a800000| Untracked 
|  21|0x000000008a900000, 0x000000008aa00000, 0x000000008aa00000|100%| O|  |TAMS 0x000000008aa00000, 0x000000008a900000| Untracked 
|  22|0x000000008aa00000, 0x000000008ab00000, 0x000000008ab00000|100%| O|  |TAMS 0x000000008ab00000, 0x000000008aa00000| Untracked 
|  23|0x000000008ab00000, 0x000000008ac00000, 0x000000008ac00000|100%| O|  |TAMS 0x000000008ac00000, 0x000000008ab00000| Untracked 
|  24|0x000000008ac00000, 0x000000008ad00000, 0x000000008ad00000|100%| O|  |TAMS 0x000000008ad00000, 0x000000008ac00000| Untracked 
|  25|0x000000008ad00000, 0x000000008ae00000, 0x000000008ae00000|100%| O|  |TAMS 0x000000008ae00000, 0x000000008ad00000| Untracked 
|  26|0x000000008ae00000, 0x000000008ae35800, 0x000000008af00000| 20%| O|  |TAMS 0x000000008ae35800, 0x000000008ae00000| Untracked 
|  27|0x000000008af00000, 0x000000008b000000, 0x000000008b000000|100%| O|  |TAMS 0x000000008b000000, 0x000000008af00000| Untracked 
|  28|0x000000008b000000, 0x000000008b100000, 0x000000008b100000|100%| O|  |TAMS 0x000000008b100000, 0x000000008b000000| Untracked 
|  29|0x000000008b100000, 0x000000008b200000, 0x000000008b200000|100%| O|  |TAMS 0x000000008b200000, 0x000000008b100000| Untracked 
|  30|0x000000008b200000, 0x000000008b300000, 0x000000008b300000|100%| O|  |TAMS 0x000000008b300000, 0x000000008b200000| Untracked 
|  31|0x000000008b300000, 0x000000008b400000, 0x000000008b400000|100%| O|  |TAMS 0x000000008b400000, 0x000000008b300000| Untracked 
|  32|0x000000008b400000, 0x000000008b500000, 0x000000008b500000|100%| O|  |TAMS 0x000000008b500000, 0x000000008b400000| Untracked 
|  33|0x000000008b500000, 0x000000008b600000, 0x000000008b600000|100%| O|  |TAMS 0x000000008b600000, 0x000000008b500000| Untracked 
|  34|0x000000008b600000, 0x000000008b700000, 0x000000008b700000|100%| O|  |TAMS 0x000000008b700000, 0x000000008b600000| Untracked 
|  35|0x000000008b700000, 0x000000008b800000, 0x000000008b800000|100%| O|  |TAMS 0x000000008b800000, 0x000000008b700000| Untracked 
|  36|0x000000008b800000, 0x000000008b900000, 0x000000008b900000|100%| O|  |TAMS 0x000000008b900000, 0x000000008b800000| Untracked 
|  37|0x000000008b900000, 0x000000008ba00000, 0x000000008ba00000|100%| O|  |TAMS 0x000000008ba00000, 0x000000008b900000| Untracked 
|  38|0x000000008ba00000, 0x000000008bb00000, 0x000000008bb00000|100%| O|  |TAMS 0x000000008bb00000, 0x000000008ba00000| Untracked 
|  39|0x000000008bb00000, 0x000000008bc00000, 0x000000008bc00000|100%| O|  |TAMS 0x000000008bc00000, 0x000000008bb00000| Untracked 
|  40|0x000000008bc00000, 0x000000008bd00000, 0x000000008bd00000|100%| O|  |TAMS 0x000000008bc00000, 0x000000008bc00000| Untracked 
|  41|0x000000008bd00000, 0x000000008be00000, 0x000000008be00000|100%| O|  |TAMS 0x000000008bd00000, 0x000000008bd00000| Untracked 
|  42|0x000000008be00000, 0x000000008bf00000, 0x000000008bf00000|100%| O|  |TAMS 0x000000008be00000, 0x000000008be00000| Untracked 
|  43|0x000000008bf00000, 0x000000008c000000, 0x000000008c000000|100%| O|  |TAMS 0x000000008bf00000, 0x000000008bf00000| Untracked 
|  44|0x000000008c000000, 0x000000008c100000, 0x000000008c100000|100%| O|  |TAMS 0x000000008c000000, 0x000000008c000000| Untracked 
|  45|0x000000008c100000, 0x000000008c200000, 0x000000008c200000|100%| O|  |TAMS 0x000000008c100000, 0x000000008c100000| Untracked 
|  46|0x000000008c200000, 0x000000008c300000, 0x000000008c300000|100%| O|  |TAMS 0x000000008c200000, 0x000000008c200000| Untracked 
|  47|0x000000008c300000, 0x000000008c400000, 0x000000008c400000|100%| O|  |TAMS 0x000000008c300000, 0x000000008c300000| Untracked 
|  48|0x000000008c400000, 0x000000008c4bcc00, 0x000000008c500000| 73%| O|  |TAMS 0x000000008c400000, 0x000000008c400000| Untracked 
|  49|0x000000008c500000, 0x000000008c500000, 0x000000008c600000|  0%| F|  |TAMS 0x000000008c500000, 0x000000008c500000| Untracked 
|  50|0x000000008c600000, 0x000000008c600000, 0x000000008c700000|  0%| F|  |TAMS 0x000000008c600000, 0x000000008c600000| Untracked 
|  51|0x000000008c700000, 0x000000008c700000, 0x000000008c800000|  0%| F|  |TAMS 0x000000008c700000, 0x000000008c700000| Untracked 
|  52|0x000000008c800000, 0x000000008c800000, 0x000000008c900000|  0%| F|  |TAMS 0x000000008c800000, 0x000000008c800000| Untracked 
|  53|0x000000008c900000, 0x000000008c900000, 0x000000008ca00000|  0%| F|  |TAMS 0x000000008c900000, 0x000000008c900000| Untracked 
|  54|0x000000008ca00000, 0x000000008ca00000, 0x000000008cb00000|  0%| F|  |TAMS 0x000000008ca00000, 0x000000008ca00000| Untracked 
|  55|0x000000008cb00000, 0x000000008cb00000, 0x000000008cc00000|  0%| F|  |TAMS 0x000000008cb00000, 0x000000008cb00000| Untracked 
|  56|0x000000008cc00000, 0x000000008cc00000, 0x000000008cd00000|  0%| F|  |TAMS 0x000000008cc00000, 0x000000008cc00000| Untracked 
|  57|0x000000008cd00000, 0x000000008cd00000, 0x000000008ce00000|  0%| F|  |TAMS 0x000000008cd00000, 0x000000008cd00000| Untracked 
|  58|0x000000008ce00000, 0x000000008ce00000, 0x000000008cf00000|  0%| F|  |TAMS 0x000000008ce00000, 0x000000008ce00000| Untracked 
|  59|0x000000008cf00000, 0x000000008cf00000, 0x000000008d000000|  0%| F|  |TAMS 0x000000008cf00000, 0x000000008cf00000| Untracked 
|  60|0x000000008d000000, 0x000000008d000000, 0x000000008d100000|  0%| F|  |TAMS 0x000000008d000000, 0x000000008d000000| Untracked 
|  61|0x000000008d100000, 0x000000008d100000, 0x000000008d200000|  0%| F|  |TAMS 0x000000008d100000, 0x000000008d100000| Untracked 
|  62|0x000000008d200000, 0x000000008d200000, 0x000000008d300000|  0%| F|  |TAMS 0x000000008d200000, 0x000000008d200000| Untracked 
|  63|0x000000008d300000, 0x000000008d300000, 0x000000008d400000|  0%| F|  |TAMS 0x000000008d300000, 0x000000008d300000| Untracked 
|  64|0x000000008d400000, 0x000000008d400000, 0x000000008d500000|  0%| F|  |TAMS 0x000000008d400000, 0x000000008d400000| Untracked 
|  65|0x000000008d500000, 0x000000008d500000, 0x000000008d600000|  0%| F|  |TAMS 0x000000008d500000, 0x000000008d500000| Untracked 
|  66|0x000000008d600000, 0x000000008d600000, 0x000000008d700000|  0%| F|  |TAMS 0x000000008d600000, 0x000000008d600000| Untracked 
|  67|0x000000008d700000, 0x000000008d700000, 0x000000008d800000|  0%| F|  |TAMS 0x000000008d700000, 0x000000008d700000| Untracked 
|  68|0x000000008d800000, 0x000000008d800000, 0x000000008d900000|  0%| F|  |TAMS 0x000000008d800000, 0x000000008d800000| Untracked 
|  69|0x000000008d900000, 0x000000008d900000, 0x000000008da00000|  0%| F|  |TAMS 0x000000008d900000, 0x000000008d900000| Untracked 
|  70|0x000000008da00000, 0x000000008da00000, 0x000000008db00000|  0%| F|  |TAMS 0x000000008da00000, 0x000000008da00000| Untracked 
|  71|0x000000008db00000, 0x000000008db00000, 0x000000008dc00000|  0%| F|  |TAMS 0x000000008db00000, 0x000000008db00000| Untracked 
|  72|0x000000008dc00000, 0x000000008dc00000, 0x000000008dd00000|  0%| F|  |TAMS 0x000000008dc00000, 0x000000008dc00000| Untracked 
|  73|0x000000008dd00000, 0x000000008dd00000, 0x000000008de00000|  0%| F|  |TAMS 0x000000008dd00000, 0x000000008dd00000| Untracked 
|  74|0x000000008de00000, 0x000000008de00000, 0x000000008df00000|  0%| F|  |TAMS 0x000000008de00000, 0x000000008de00000| Untracked 
|  75|0x000000008df00000, 0x000000008df00000, 0x000000008e000000|  0%| F|  |TAMS 0x000000008df00000, 0x000000008df00000| Untracked 
|  76|0x000000008e000000, 0x000000008e000000, 0x000000008e100000|  0%| F|  |TAMS 0x000000008e000000, 0x000000008e000000| Untracked 
|  77|0x000000008e100000, 0x000000008e100000, 0x000000008e200000|  0%| F|  |TAMS 0x000000008e100000, 0x000000008e100000| Untracked 
|  78|0x000000008e200000, 0x000000008e200000, 0x000000008e300000|  0%| F|  |TAMS 0x000000008e200000, 0x000000008e200000| Untracked 
|  79|0x000000008e300000, 0x000000008e300000, 0x000000008e400000|  0%| F|  |TAMS 0x000000008e300000, 0x000000008e300000| Untracked 
|  80|0x000000008e400000, 0x000000008e400000, 0x000000008e500000|  0%| F|  |TAMS 0x000000008e400000, 0x000000008e400000| Untracked 
|  81|0x000000008e500000, 0x000000008e500000, 0x000000008e600000|  0%| F|  |TAMS 0x000000008e500000, 0x000000008e500000| Untracked 
|  82|0x000000008e600000, 0x000000008e600000, 0x000000008e700000|  0%| F|  |TAMS 0x000000008e600000, 0x000000008e600000| Untracked 
|  83|0x000000008e700000, 0x000000008e700000, 0x000000008e800000|  0%| F|  |TAMS 0x000000008e700000, 0x000000008e700000| Untracked 
|  84|0x000000008e800000, 0x000000008e800000, 0x000000008e900000|  0%| F|  |TAMS 0x000000008e800000, 0x000000008e800000| Untracked 
|  85|0x000000008e900000, 0x000000008e900000, 0x000000008ea00000|  0%| F|  |TAMS 0x000000008e900000, 0x000000008e900000| Untracked 
|  86|0x000000008ea00000, 0x000000008ea00000, 0x000000008eb00000|  0%| F|  |TAMS 0x000000008ea00000, 0x000000008ea00000| Untracked 
|  87|0x000000008eb00000, 0x000000008eb00000, 0x000000008ec00000|  0%| F|  |TAMS 0x000000008eb00000, 0x000000008eb00000| Untracked 
|  88|0x000000008ec00000, 0x000000008ec00000, 0x000000008ed00000|  0%| F|  |TAMS 0x000000008ec00000, 0x000000008ec00000| Untracked 
|  89|0x000000008ed00000, 0x000000008ed00000, 0x000000008ee00000|  0%| F|  |TAMS 0x000000008ed00000, 0x000000008ed00000| Untracked 
|  90|0x000000008ee00000, 0x000000008ee00000, 0x000000008ef00000|  0%| F|  |TAMS 0x000000008ee00000, 0x000000008ee00000| Untracked 
|  91|0x000000008ef00000, 0x000000008ef00000, 0x000000008f000000|  0%| F|  |TAMS 0x000000008ef00000, 0x000000008ef00000| Untracked 
|  92|0x000000008f000000, 0x000000008f000000, 0x000000008f100000|  0%| F|  |TAMS 0x000000008f000000, 0x000000008f000000| Untracked 
|  93|0x000000008f100000, 0x000000008f100000, 0x000000008f200000|  0%| F|  |TAMS 0x000000008f100000, 0x000000008f100000| Untracked 
|  94|0x000000008f200000, 0x000000008f200000, 0x000000008f300000|  0%| F|  |TAMS 0x000000008f200000, 0x000000008f200000| Untracked 
|  95|0x000000008f300000, 0x000000008f300000, 0x000000008f400000|  0%| F|  |TAMS 0x000000008f300000, 0x000000008f300000| Untracked 
|  96|0x000000008f400000, 0x000000008f400000, 0x000000008f500000|  0%| F|  |TAMS 0x000000008f400000, 0x000000008f400000| Untracked 
|  97|0x000000008f500000, 0x000000008f500000, 0x000000008f600000|  0%| F|  |TAMS 0x000000008f500000, 0x000000008f500000| Untracked 
|  98|0x000000008f600000, 0x000000008f600000, 0x000000008f700000|  0%| F|  |TAMS 0x000000008f600000, 0x000000008f600000| Untracked 
|  99|0x000000008f700000, 0x000000008f700000, 0x000000008f800000|  0%| F|  |TAMS 0x000000008f700000, 0x000000008f700000| Untracked 
| 100|0x000000008f800000, 0x000000008f800000, 0x000000008f900000|  0%| F|  |TAMS 0x000000008f800000, 0x000000008f800000| Untracked 
| 101|0x000000008f900000, 0x000000008f900000, 0x000000008fa00000|  0%| F|  |TAMS 0x000000008f900000, 0x000000008f900000| Untracked 
| 102|0x000000008fa00000, 0x000000008fa00000, 0x000000008fb00000|  0%| F|  |TAMS 0x000000008fa00000, 0x000000008fa00000| Untracked 
| 103|0x000000008fb00000, 0x000000008fb00000, 0x000000008fc00000|  0%| F|  |TAMS 0x000000008fb00000, 0x000000008fb00000| Untracked 
| 104|0x000000008fc00000, 0x000000008fc00000, 0x000000008fd00000|  0%| F|  |TAMS 0x000000008fc00000, 0x000000008fc00000| Untracked 
| 105|0x000000008fd00000, 0x000000008fd00000, 0x000000008fe00000|  0%| F|  |TAMS 0x000000008fd00000, 0x000000008fd00000| Untracked 
| 106|0x000000008fe00000, 0x000000008ff00000, 0x000000008ff00000|100%| S|CS|TAMS 0x000000008fe00000, 0x000000008fe00000| Complete 
| 107|0x000000008ff00000, 0x000000008ff00000, 0x0000000090000000|  0%| F|  |TAMS 0x000000008ff00000, 0x000000008ff00000| Untracked 
| 108|0x0000000090000000, 0x0000000090000000, 0x0000000090100000|  0%| F|  |TAMS 0x0000000090000000, 0x0000000090000000| Untracked 
| 109|0x0000000090100000, 0x0000000090100000, 0x0000000090200000|  0%| F|  |TAMS 0x0000000090100000, 0x0000000090100000| Untracked 
| 119|0x0000000090b00000, 0x0000000090b00000, 0x0000000090c00000|  0%| F|  |TAMS 0x0000000090b00000, 0x0000000090b00000| Untracked 

Card table byte_map: [0x000002602d370000,0x000002602d730000] _byte_map_base: 0x000002602cf26000

Marking Bits (Prev, Next): (CMBitMap*) 0x0000026015a3b8a0, (CMBitMap*) 0x0000026015a3b8e0
 Prev Bits: [0x000002602daf0000, 0x000002602f8a0000)
 Next Bits: [0x000002602f8a0000, 0x0000026031650000)

Polling page: 0x00000260141a0000

Metaspace:

Usage:
  Non-class:     30.28 MB used.
      Class:      4.27 MB used.
       Both:     34.55 MB used.

Virtual space:
  Non-class space:       64.00 MB reserved,      30.44 MB ( 48%) committed,  1 nodes.
      Class space:        1.00 GB reserved,       4.38 MB ( <1%) committed,  1 nodes.
             Both:        1.06 GB reserved,      34.81 MB (  3%) committed. 

Chunk freelists:
   Non-Class:  352.00 KB
       Class:  11.67 MB
        Both:  12.02 MB

MaxMetaspaceSize: unlimited
CompressedClassSpaceSize: 1.00 GB
Initial GC threshold: 21.00 MB
Current GC threshold: 56.81 MB
CDS: on
MetaspaceReclaimPolicy: balanced
 - commit_granule_bytes: 65536.
 - commit_granule_words: 8192.
 - virtual_space_node_default_size: 8388608.
 - enlarge_chunks_in_place: 1.
 - new_chunks_are_fully_committed: 0.
 - uncommit_free_chunks: 1.
 - use_allocation_guard: 0.
 - handle_deallocations: 1.


Internal statistics:

num_allocs_failed_limit: 3.
num_arena_births: 162.
num_arena_deaths: 0.
num_vsnodes_births: 2.
num_vsnodes_deaths: 0.
num_space_committed: 555.
num_space_uncommitted: 0.
num_chunks_returned_to_freelist: 3.
num_chunks_taken_from_freelist: 1373.
num_chunk_merges: 3.
num_chunk_splits: 1114.
num_chunks_enlarged: 996.
num_inconsistent_stats: 0.

CodeHeap 'non-profiled nmethods': size=120000Kb used=1637Kb max_used=1637Kb free=118363Kb
 bounds [0x0000026024e00000, 0x0000026025070000, 0x000002602c330000]
CodeHeap 'profiled nmethods': size=120000Kb used=6591Kb max_used=6591Kb free=113408Kb
 bounds [0x000002601d330000, 0x000002601d9a0000, 0x0000026024860000]
CodeHeap 'non-nmethods': size=5760Kb used=1262Kb max_used=1384Kb free=4497Kb
 bounds [0x0000026024860000, 0x0000026024ad0000, 0x0000026024e00000]
 total_blobs=3838 nmethods=3268 adapters=481
 compilation: enabled
              stopped_count=0, restarted_count=0
 full_count=0

Compilation events (20 events):
Event: 7.557 Thread 0x00000260343382d0 nmethod 3277 0x000002601d98da90 code [0x000002601d98dde0, 0x000002601d98f338]
Event: 7.557 Thread 0x00000260343382d0 3282       3       org.jetbrains.kotlin.metadata.ProtoBuf$TypeParameter::writeTo (214 bytes)
Event: 7.558 Thread 0x00000260343382d0 nmethod 3282 0x000002601d98fa10 code [0x000002601d98fee0, 0x000002601d992148]
Event: 7.559 Thread 0x00000260343382d0 3268       3       java.io.ByteArrayOutputStream::ensureCapacity (32 bytes)
Event: 7.559 Thread 0x00000260343382d0 nmethod 3268 0x000002601d992e10 code [0x000002601d992fe0, 0x000002601d993398]
Event: 7.559 Thread 0x00000260343382d0 3286       3       org.jetbrains.kotlin.protobuf.FieldSet::writeElement (36 bytes)
Event: 7.559 Thread 0x00000260343382d0 nmethod 3286 0x000002601d993510 code [0x000002601d993760, 0x000002601d994028]
Event: 7.559 Thread 0x00000260343382d0 3287       3       org.jetbrains.kotlin.protobuf.FieldSet::writeElementNoTag (378 bytes)
Event: 7.559 Thread 0x000002603432f4f0 nmethod 3254 0x0000026024f97c10 code [0x0000026024f97e80, 0x0000026024f98880]
Event: 7.559 Thread 0x000002603432f4f0 3272       4       org.jetbrains.kotlin.metadata.ProtoBuf$Type::getSerializedSize (393 bytes)
Event: 7.561 Thread 0x00000260343382d0 nmethod 3287 0x000002601d994390 code [0x000002601d994ac0, 0x000002601d9986f8]
Event: 7.561 Thread 0x00000260343382d0 3283       3       org.jetbrains.kotlin.protobuf.FieldSet::computeElementSizeNoTag (346 bytes)
Event: 7.562 Thread 0x00000260343382d0 nmethod 3283 0x000002601d999810 code [0x000002601d999de0, 0x000002601d99d168]
Event: 7.562 Thread 0x00000260343382d0 3292       3       org.jetbrains.kotlin.metadata.ProtoBuf$Annotation::getSerializedSize (93 bytes)
Event: 7.562 Thread 0x00000260343382d0 nmethod 3292 0x000002601d99dc10 code [0x000002601d99de80, 0x000002601d99e998]
Event: 7.562 Thread 0x00000260343382d0 3284       3       org.jetbrains.kotlin.protobuf.SmallSortedMap$EntryIterator::next (5 bytes)
Event: 7.563 Thread 0x00000260343382d0 nmethod 3284 0x000002601d99ed90 code [0x000002601d99ef20, 0x000002601d99f068]
Event: 7.563 Thread 0x00000260343382d0 3295       3       org.jetbrains.kotlin.metadata.ProtoBuf$Annotation$Argument::getSerializedSize (73 bytes)
Event: 7.563 Thread 0x00000260343382d0 nmethod 3295 0x000002601d99f110 code [0x000002601d99f340, 0x000002601d99fa98]
Event: 7.563 Thread 0x00000260343382d0 3296       3       org.jetbrains.kotlin.metadata.ProtoBuf$Annotation$Argument$Value::getSerializedSize (311 bytes)

GC Heap History (20 events):
Event: 1.216 GC heap after
{Heap after GC invocations=1 (full 0):
 garbage-first heap   total 122880K, used 6962K [0x0000000089400000, 0x0000000100000000)
  region size 1024K, 3 young (3072K), 3 survivors (3072K)
 Metaspace       used 7198K, committed 7360K, reserved 1114112K
  class space    used 759K, committed 832K, reserved 1048576K
}
Event: 2.021 GC heap before
{Heap before GC invocations=1 (full 0):
 garbage-first heap   total 122880K, used 47922K [0x0000000089400000, 0x0000000100000000)
  region size 1024K, 36 young (36864K), 3 survivors (3072K)
 Metaspace       used 16888K, committed 17216K, reserved 1114112K
  class space    used 2229K, committed 2368K, reserved 1048576K
}
Event: 2.041 GC heap after
{Heap after GC invocations=2 (full 0):
 garbage-first heap   total 122880K, used 17241K [0x0000000089400000, 0x0000000100000000)
  region size 1024K, 3 young (3072K), 3 survivors (3072K)
 Metaspace       used 16888K, committed 17216K, reserved 1114112K
  class space    used 2229K, committed 2368K, reserved 1048576K
}
Event: 4.774 GC heap before
{Heap before GC invocations=2 (full 0):
 garbage-first heap   total 122880K, used 88921K [0x0000000089400000, 0x0000000100000000)
  region size 1024K, 70 young (71680K), 3 survivors (3072K)
 Metaspace       used 21298K, committed 21504K, reserved 1114112K
  class space    used 2902K, committed 3008K, reserved 1048576K
}
Event: 4.810 GC heap after
{Heap after GC invocations=3 (full 0):
 garbage-first heap   total 122880K, used 24790K [0x0000000089400000, 0x0000000100000000)
  region size 1024K, 9 young (9216K), 9 survivors (9216K)
 Metaspace       used 21298K, committed 21504K, reserved 1114112K
  class space    used 2902K, committed 3008K, reserved 1048576K
}
Event: 5.127 GC heap before
{Heap before GC invocations=4 (full 0):
 garbage-first heap   total 89088K, used 52438K [0x0000000089400000, 0x0000000100000000)
  region size 1024K, 25 young (25600K), 9 survivors (9216K)
 Metaspace       used 23720K, committed 24000K, reserved 1114112K
  class space    used 3180K, committed 3328K, reserved 1048576K
}
Event: 5.145 GC heap after
{Heap after GC invocations=5 (full 0):
 garbage-first heap   total 89088K, used 40150K [0x0000000089400000, 0x0000000100000000)
  region size 1024K, 4 young (4096K), 4 survivors (4096K)
 Metaspace       used 23720K, committed 24000K, reserved 1114112K
  class space    used 3180K, committed 3328K, reserved 1048576K
}
Event: 5.654 GC heap before
{Heap before GC invocations=5 (full 0):
 garbage-first heap   total 89088K, used 65750K [0x0000000089400000, 0x0000000100000000)
  region size 1024K, 29 young (29696K), 4 survivors (4096K)
 Metaspace       used 28581K, committed 28800K, reserved 1114112K
  class space    used 3609K, committed 3712K, reserved 1048576K
}
Event: 5.667 GC heap after
{Heap after GC invocations=6 (full 0):
 garbage-first heap   total 89088K, used 42609K [0x0000000089400000, 0x0000000100000000)
  region size 1024K, 3 young (3072K), 3 survivors (3072K)
 Metaspace       used 28581K, committed 28800K, reserved 1114112K
  class space    used 3609K, committed 3712K, reserved 1048576K
}
Event: 6.343 GC heap before
{Heap before GC invocations=6 (full 0):
 garbage-first heap   total 89088K, used 68209K [0x0000000089400000, 0x0000000100000000)
  region size 1024K, 28 young (28672K), 3 survivors (3072K)
 Metaspace       used 34496K, committed 34752K, reserved 1114112K
  class space    used 4272K, committed 4352K, reserved 1048576K
}
Event: 7.354 GC heap after
{Heap after GC invocations=7 (full 0):
 garbage-first heap   total 113664K, used 45494K [0x0000000089400000, 0x0000000100000000)
  region size 1024K, 3 young (3072K), 3 survivors (3072K)
 Metaspace       used 34496K, committed 34752K, reserved 1114112K
  class space    used 4272K, committed 4352K, reserved 1048576K
}
Event: 7.448 GC heap before
{Heap before GC invocations=8 (full 0):
 garbage-first heap   total 113664K, used 47542K [0x0000000089400000, 0x0000000100000000)
  region size 1024K, 5 young (5120K), 3 survivors (3072K)
 Metaspace       used 34791K, committed 35008K, reserved 1114112K
  class space    used 4313K, committed 4416K, reserved 1048576K
}
Event: 7.454 GC heap after
{Heap after GC invocations=9 (full 0):
 garbage-first heap   total 113664K, used 46075K [0x0000000089400000, 0x0000000100000000)
  region size 1024K, 1 young (1024K), 1 survivors (1024K)
 Metaspace       used 34791K, committed 35008K, reserved 1114112K
  class space    used 4313K, committed 4416K, reserved 1048576K
}
Event: 7.506 GC heap before
{Heap before GC invocations=9 (full 0):
 garbage-first heap   total 113664K, used 50171K [0x0000000089400000, 0x0000000100000000)
  region size 1024K, 5 young (5120K), 1 survivors (1024K)
 Metaspace       used 35264K, committed 35520K, reserved 1114112K
  class space    used 4369K, committed 4480K, reserved 1048576K
}
Event: 7.509 GC heap after
{Heap after GC invocations=10 (full 0):
 garbage-first heap   total 113664K, used 46422K [0x0000000089400000, 0x0000000100000000)
  region size 1024K, 1 young (1024K), 1 survivors (1024K)
 Metaspace       used 35264K, committed 35520K, reserved 1114112K
  class space    used 4369K, committed 4480K, reserved 1048576K
}
Event: 7.530 GC heap before
{Heap before GC invocations=10 (full 0):
 garbage-first heap   total 113664K, used 49494K [0x0000000089400000, 0x0000000100000000)
  region size 1024K, 5 young (5120K), 1 survivors (1024K)
 Metaspace       used 35319K, committed 35584K, reserved 1114112K
  class space    used 4369K, committed 4480K, reserved 1048576K
}
Event: 7.532 GC heap after
{Heap after GC invocations=11 (full 0):
 garbage-first heap   total 113664K, used 47358K [0x0000000089400000, 0x0000000100000000)
  region size 1024K, 1 young (1024K), 1 survivors (1024K)
 Metaspace       used 35319K, committed 35584K, reserved 1114112K
  class space    used 4369K, committed 4480K, reserved 1048576K
}
Event: 7.539 GC heap before
{Heap before GC invocations=11 (full 0):
 garbage-first heap   total 113664K, used 51454K [0x0000000089400000, 0x0000000100000000)
  region size 1024K, 5 young (5120K), 1 survivors (1024K)
 Metaspace       used 35330K, committed 35584K, reserved 1114112K
  class space    used 4369K, committed 4480K, reserved 1048576K
}
Event: 7.542 GC heap after
{Heap after GC invocations=12 (full 0):
 garbage-first heap   total 113664K, used 48798K [0x0000000089400000, 0x0000000100000000)
  region size 1024K, 1 young (1024K), 1 survivors (1024K)
 Metaspace       used 35330K, committed 35584K, reserved 1114112K
  class space    used 4369K, committed 4480K, reserved 1048576K
}
Event: 7.564 GC heap before
{Heap before GC invocations=12 (full 0):
 garbage-first heap   total 113664K, used 52894K [0x0000000089400000, 0x0000000100000000)
  region size 1024K, 5 young (5120K), 1 survivors (1024K)
 Metaspace       used 35374K, committed 35648K, reserved 1114112K
  class space    used 4369K, committed 4480K, reserved 1048576K
}

Deoptimization events (20 events):
Event: 7.411 Thread 0x00000260159e3080 Uncommon trap: trap_request=0xffffffde fr.pc=0x0000026024f39da4 relative=0x0000000000000164
Event: 7.411 Thread 0x00000260159e3080 Uncommon trap: reason=class_check action=maybe_recompile pc=0x0000026024f39da4 method=java.lang.Character.codePointAt(Ljava/lang/CharSequence;I)I @ 2 c2
Event: 7.411 Thread 0x00000260159e3080 DEOPT PACKING pc=0x0000026024f39da4 sp=0x000000b2373fcf90
Event: 7.411 Thread 0x00000260159e3080 DEOPT UNPACKING pc=0x00000260248b23a3 sp=0x000000b2373fcf48 mode 2
Event: 7.411 Thread 0x00000260159e3080 Uncommon trap: trap_request=0xffffffde fr.pc=0x0000026024f39da4 relative=0x0000000000000164
Event: 7.411 Thread 0x00000260159e3080 Uncommon trap: reason=class_check action=maybe_recompile pc=0x0000026024f39da4 method=java.lang.Character.codePointAt(Ljava/lang/CharSequence;I)I @ 2 c2
Event: 7.411 Thread 0x00000260159e3080 DEOPT PACKING pc=0x0000026024f39da4 sp=0x000000b2373fcf90
Event: 7.411 Thread 0x00000260159e3080 DEOPT UNPACKING pc=0x00000260248b23a3 sp=0x000000b2373fcf48 mode 2
Event: 7.411 Thread 0x00000260159e3080 Uncommon trap: trap_request=0xffffffde fr.pc=0x0000026024f39da4 relative=0x0000000000000164
Event: 7.411 Thread 0x00000260159e3080 Uncommon trap: reason=class_check action=maybe_recompile pc=0x0000026024f39da4 method=java.lang.Character.codePointAt(Ljava/lang/CharSequence;I)I @ 2 c2
Event: 7.411 Thread 0x00000260159e3080 DEOPT PACKING pc=0x0000026024f39da4 sp=0x000000b2373fcf90
Event: 7.411 Thread 0x00000260159e3080 DEOPT UNPACKING pc=0x00000260248b23a3 sp=0x000000b2373fcf48 mode 2
Event: 7.418 Thread 0x00000260159e3080 Uncommon trap: trap_request=0xffffffc6 fr.pc=0x0000026024e49a5c relative=0x000000000000041c
Event: 7.418 Thread 0x00000260159e3080 Uncommon trap: reason=bimorphic_or_optimized_type_check action=maybe_recompile pc=0x0000026024e49a5c method=java.util.HashMap.getNode(Ljava/lang/Object;)Ljava/util/HashMap$Node; @ 128 c2
Event: 7.418 Thread 0x00000260159e3080 DEOPT PACKING pc=0x0000026024e49a5c sp=0x000000b2373fd010
Event: 7.418 Thread 0x00000260159e3080 DEOPT UNPACKING pc=0x00000260248b23a3 sp=0x000000b2373fcf78 mode 2
Event: 7.418 Thread 0x00000260159e3080 Uncommon trap: trap_request=0xffffffc6 fr.pc=0x0000026024e49a5c relative=0x000000000000041c
Event: 7.418 Thread 0x00000260159e3080 Uncommon trap: reason=bimorphic_or_optimized_type_check action=maybe_recompile pc=0x0000026024e49a5c method=java.util.HashMap.getNode(Ljava/lang/Object;)Ljava/util/HashMap$Node; @ 128 c2
Event: 7.418 Thread 0x00000260159e3080 DEOPT PACKING pc=0x0000026024e49a5c sp=0x000000b2373fceb0
Event: 7.418 Thread 0x00000260159e3080 DEOPT UNPACKING pc=0x00000260248b23a3 sp=0x000000b2373fce18 mode 2

Classes unloaded (0 events):
No events

Classes redefined (0 events):
No events

Internal exceptions (20 events):
Event: 1.302 Thread 0x00000260159e3080 Exception <a 'java/lang/NoSuchMethodError'{0x0000000090775e18}: 'int java.lang.invoke.DelegatingMethodHandle$Holder.reinvoke_L(java.lang.Object, java.lang.Object, java.lang.Object, long, int)'> (0x0000000090775e18) 
thrown [s\open\src\hotspot\share\interpreter\linkResolver.cpp, line 759]
Event: 1.318 Thread 0x00000260159e3080 Exception <a 'java/lang/NoSuchMethodError'{0x000000009061ee58}: 'int java.lang.invoke.DirectMethodHandle$Holder.invokeStaticInit(java.lang.Object, java.lang.Object, java.lang.Object)'> (0x000000009061ee58) 
thrown [s\open\src\hotspot\share\interpreter\linkResolver.cpp, line 759]
Event: 1.323 Thread 0x00000260159e3080 Exception <a 'java/lang/NoSuchMethodError'{0x0000000090647ca0}: 'int java.lang.invoke.DirectMethodHandle$Holder.invokeStaticInit(java.lang.Object, java.lang.Object)'> (0x0000000090647ca0) 
thrown [s\open\src\hotspot\share\interpreter\linkResolver.cpp, line 759]
Event: 1.346 Thread 0x00000260159e3080 Exception <a 'java/lang/NoSuchMethodError'{0x00000000905272f8}: 'void java.lang.invoke.DirectMethodHandle$Holder.invokeSpecial(java.lang.Object, java.lang.Object, java.lang.Object)'> (0x00000000905272f8) 
thrown [s\open\src\hotspot\share\interpreter\linkResolver.cpp, line 759]
Event: 1.431 Thread 0x00000260159e3080 Exception <a 'java/lang/NoSuchMethodError'{0x0000000090241dc0}: 'void java.lang.invoke.DirectMethodHandle$Holder.invokeStatic(java.lang.Object, java.lang.Object, java.lang.Object, java.lang.Object)'> (0x0000000090241dc0) 
thrown [s\open\src\hotspot\share\interpreter\linkResolver.cpp, line 759]
Event: 1.511 Thread 0x00000260159e3080 Exception <a 'java/lang/NoSuchMethodError'{0x000000008fe03180}: 'void java.lang.invoke.DirectMethodHandle$Holder.invokeStaticInit(java.lang.Object, java.lang.Object)'> (0x000000008fe03180) 
thrown [s\open\src\hotspot\share\interpreter\linkResolver.cpp, line 759]
Event: 1.664 Thread 0x00000260159e3080 Exception <a 'java/lang/NoSuchMethodError'{0x000000008f869a18}: 'void java.lang.invoke.DirectMethodHandle$Holder.invokeVirtual(java.lang.Object, java.lang.Object)'> (0x000000008f869a18) 
thrown [s\open\src\hotspot\share\interpreter\linkResolver.cpp, line 759]
Event: 1.713 Thread 0x00000260159e3080 Exception <a 'java/lang/NoSuchMethodError'{0x000000008f533598}: 'int java.lang.invoke.DirectMethodHandle$Holder.invokeVirtual(java.lang.Object, java.lang.Object)'> (0x000000008f533598) 
thrown [s\open\src\hotspot\share\interpreter\linkResolver.cpp, line 759]
Event: 1.730 Thread 0x00000260159e3080 Exception <a 'java/lang/NoSuchMethodError'{0x000000008f5ef540}: 'java.lang.Object java.lang.invoke.Invokers$Holder.invokeExact_MT(java.lang.Object, java.lang.Object, java.lang.Object, java.lang.Object, java.lang.Object, java.lang.Object)'> (0x000000008f5ef540) 
thrown [s\open\src\hotspot\share\interpreter\linkResolver.cpp, line 759]
Event: 1.909 Thread 0x00000260159e3080 Exception <a 'java/lang/NoSuchMethodError'{0x000000008ec2a4b8}: 'java.lang.Object java.lang.invoke.Invokers$Holder.invoke_MT(java.lang.Object, java.lang.Object, java.lang.Object)'> (0x000000008ec2a4b8) 
thrown [s\open\src\hotspot\share\interpreter\linkResolver.cpp, line 759]
Event: 4.300 Thread 0x00000260159e3080 Implicit null exception at 0x0000026024e8e95f to 0x0000026024e90a7c
Event: 4.685 Thread 0x00000260159e3080 Implicit null exception at 0x0000026024e293f2 to 0x0000026024e299bc
Event: 4.845 Thread 0x00000260159e3080 Implicit null exception at 0x0000026024e2e0f2 to 0x0000026024e2e6cc
Event: 4.899 Thread 0x00000260159e3080 Exception <a 'java/lang/NoSuchMethodError'{0x000000008e6ba980}: 'java.lang.Object java.lang.invoke.DirectMethodHandle$Holder.invokeVirtual(java.lang.Object, java.lang.Object, java.lang.Object)'> (0x000000008e6ba980) 
thrown [s\open\src\hotspot\share\interpreter\linkResolver.cpp, line 759]
Event: 5.849 Thread 0x00000260159e3080 Exception <a 'java/lang/NoSuchMethodError'{0x000000008e4bb798}: 'java.lang.Object java.lang.invoke.DirectMethodHandle$Holder.newInvokeSpecial(java.lang.Object, java.lang.Object, int)'> (0x000000008e4bb798) 
thrown [s\open\src\hotspot\share\interpreter\linkResolver.cpp, line 759]
Event: 5.901 Thread 0x00000260159e3080 Implicit null exception at 0x0000026024f2cf41 to 0x0000026024f2d0c4
Event: 5.972 Thread 0x00000260159e3080 Implicit null exception at 0x0000026024f30d4c to 0x0000026024f30e28
Event: 6.019 Thread 0x00000260159e3080 Exception <a 'java/lang/NoSuchMethodError'{0x000000008de1ad78}: 'java.lang.Object java.lang.invoke.DirectMethodHandle$Holder.newInvokeSpecial(java.lang.Object, java.lang.Object, java.lang.Object, int)'> (0x000000008de1ad78) 
thrown [s\open\src\hotspot\share\interpreter\linkResolver.cpp, line 759]
Event: 6.019 Thread 0x00000260159e3080 Exception <a 'java/lang/NoSuchMethodError'{0x000000008de1f400}: 'java.lang.Object java.lang.invoke.DirectMethodHandle$Holder.invokeSpecial(java.lang.Object, java.lang.Object, java.lang.Object, java.lang.Object, int)'> (0x000000008de1f400) 
thrown [s\open\src\hotspot\share\interpreter\linkResolver.cpp, line 759]
Event: 6.020 Thread 0x00000260159e3080 Exception <a 'java/lang/NoSuchMethodError'{0x000000008de23270}: 'java.lang.Object java.lang.invoke.Invokers$Holder.linkToTargetMethod(java.lang.Object, java.lang.Object, int, java.lang.Object)'> (0x000000008de23270) 
thrown [s\open\src\hotspot\share\interpreter\linkResolver.cpp, line 759]

VM Operations (20 events):
Event: 6.270 Executing VM operation: HandshakeAllThreads done
Event: 6.342 Executing VM operation: G1CollectForAllocation
Event: 7.354 Executing VM operation: G1CollectForAllocation done
Event: 7.379 Executing VM operation: G1Concurrent
Event: 7.383 Executing VM operation: G1Concurrent done
Event: 7.390 Executing VM operation: G1Concurrent
Event: 7.397 Executing VM operation: G1Concurrent done
Event: 7.413 Executing VM operation: HandshakeAllThreads
Event: 7.413 Executing VM operation: HandshakeAllThreads done
Event: 7.414 Executing VM operation: HandshakeAllThreads
Event: 7.414 Executing VM operation: HandshakeAllThreads done
Event: 7.448 Executing VM operation: G1CollectForAllocation
Event: 7.454 Executing VM operation: G1CollectForAllocation done
Event: 7.506 Executing VM operation: G1CollectForAllocation
Event: 7.509 Executing VM operation: G1CollectForAllocation done
Event: 7.529 Executing VM operation: G1CollectForAllocation
Event: 7.532 Executing VM operation: G1CollectForAllocation done
Event: 7.538 Executing VM operation: G1CollectForAllocation
Event: 7.542 Executing VM operation: G1CollectForAllocation done
Event: 7.564 Executing VM operation: G1CollectForAllocation

Events (20 events):
Event: 6.123 loading class java/lang/annotation/ElementType
Event: 6.123 loading class java/lang/annotation/ElementType done
Event: 6.123 loading class java/lang/Override
Event: 6.123 loading class java/lang/Override done
Event: 6.216 loading class java/util/AbstractList$ListItr
Event: 6.216 loading class java/util/AbstractList$ListItr done
Event: 6.244 loading class java/io/InvalidObjectException
Event: 6.244 loading class java/io/InvalidObjectException done
Event: 6.253 loading class java/util/AbstractList$SubList$1
Event: 6.253 loading class java/util/AbstractList$SubList$1 done
Event: 6.270 loading class java/text/StringCharacterIterator
Event: 6.270 loading class java/text/CharacterIterator
Event: 6.271 loading class java/text/CharacterIterator done
Event: 6.271 loading class java/text/StringCharacterIterator done
Event: 6.321 loading class java/util/ArrayList$SubList$1
Event: 6.321 loading class java/util/ArrayList$SubList$1 done
Event: 6.336 loading class java/util/stream/IntPipeline$1
Event: 6.336 loading class java/util/stream/IntPipeline$1 done
Event: 6.338 loading class java/util/stream/IntPipeline$1$1
Event: 6.338 loading class java/util/stream/IntPipeline$1$1 done


Dynamic libraries:
0x00007ff75c710000 - 0x00007ff75c720000 	C:\Program Files\Java\jdk-17\bin\java.exe
0x00007ff962d80000 - 0x00007ff962fe6000 	C:\WINDOWS\SYSTEM32\ntdll.dll
0x00007ff961910000 - 0x00007ff9619d9000 	C:\WINDOWS\System32\KERNEL32.DLL
0x00007ff960090000 - 0x00007ff96045c000 	C:\WINDOWS\System32\KERNELBASE.dll
0x00007ff95ff40000 - 0x00007ff96008b000 	C:\WINDOWS\System32\ucrtbase.dll
0x00007ff94fc80000 - 0x00007ff94fc9b000 	C:\Program Files\Java\jdk-17\bin\VCRUNTIME140.dll
0x00007ff94fcd0000 - 0x00007ff94fce9000 	C:\Program Files\Java\jdk-17\bin\jli.dll
0x00007ff962a50000 - 0x00007ff962b02000 	C:\WINDOWS\System32\ADVAPI32.dll
0x00007ff962060000 - 0x00007ff962109000 	C:\WINDOWS\System32\msvcrt.dll
0x00007ff962270000 - 0x00007ff962316000 	C:\WINDOWS\System32\sechost.dll
0x00007ff962c20000 - 0x00007ff962d36000 	C:\WINDOWS\System32\RPCRT4.dll
0x00007ff9610a0000 - 0x00007ff96126a000 	C:\WINDOWS\System32\USER32.dll
0x00007ff95ff10000 - 0x00007ff95ff37000 	C:\WINDOWS\System32\win32u.dll
0x00007ff94b050000 - 0x00007ff94b2ea000 	C:\WINDOWS\WinSxS\amd64_microsoft.windows.common-controls_6595b64144ccf1df_6.0.26100.3912_none_3e07963ce335137e\COMCTL32.dll
0x00007ff961ea0000 - 0x00007ff961ecb000 	C:\WINDOWS\System32\GDI32.dll
0x00007ff960590000 - 0x00007ff9606c2000 	C:\WINDOWS\System32\gdi32full.dll
0x00007ff960910000 - 0x00007ff9609b3000 	C:\WINDOWS\System32\msvcp_win.dll
0x00007ff957800000 - 0x00007ff95780b000 	C:\WINDOWS\SYSTEM32\VERSION.dll
0x00007ff960b40000 - 0x00007ff960b70000 	C:\WINDOWS\System32\IMM32.DLL
0x00007ff950990000 - 0x00007ff95099c000 	C:\Program Files\Java\jdk-17\bin\vcruntime140_1.dll
0x00007ff8ffe30000 - 0x00007ff8ffebe000 	C:\Program Files\Java\jdk-17\bin\msvcp140.dll
0x00007ff8e2c30000 - 0x00007ff8e3811000 	C:\Program Files\Java\jdk-17\bin\server\jvm.dll
0x00007ff962c10000 - 0x00007ff962c18000 	C:\WINDOWS\System32\PSAPI.DLL
0x00007ff953440000 - 0x00007ff95344a000 	C:\WINDOWS\SYSTEM32\WSOCK32.dll
0x00007ff9577c0000 - 0x00007ff9577f6000 	C:\WINDOWS\SYSTEM32\WINMM.dll
0x00007ff9617f0000 - 0x00007ff961864000 	C:\WINDOWS\System32\WS2_32.dll
0x00007ff95ecd0000 - 0x00007ff95ecea000 	C:\WINDOWS\SYSTEM32\kernel.appcore.dll
0x00007ff950800000 - 0x00007ff95080a000 	C:\Program Files\Java\jdk-17\bin\jimage.dll
0x00007ff954970000 - 0x00007ff954bb1000 	C:\WINDOWS\SYSTEM32\DBGHELP.DLL
0x00007ff961270000 - 0x00007ff9615f4000 	C:\WINDOWS\System32\combase.dll
0x00007ff962110000 - 0x00007ff9621f0000 	C:\WINDOWS\System32\OLEAUT32.dll
0x00007ff9420f0000 - 0x00007ff942129000 	C:\WINDOWS\SYSTEM32\dbgcore.DLL
0x00007ff960460000 - 0x00007ff9604f9000 	C:\WINDOWS\System32\bcryptPrimitives.dll
0x00007ff947b10000 - 0x00007ff947b35000 	C:\Program Files\Java\jdk-17\bin\java.dll
0x00007ff8f3a10000 - 0x00007ff8f3ae7000 	C:\Program Files\Java\jdk-17\bin\jsvml.dll
0x00007ff962320000 - 0x00007ff962a4d000 	C:\WINDOWS\System32\SHELL32.dll
0x00007ff9606d0000 - 0x00007ff960844000 	C:\WINDOWS\System32\wintypes.dll
0x00007ff95db60000 - 0x00007ff95e3b6000 	C:\WINDOWS\SYSTEM32\windows.storage.dll
0x00007ff962b10000 - 0x00007ff962bff000 	C:\WINDOWS\System32\SHCORE.dll
0x00007ff962200000 - 0x00007ff962269000 	C:\WINDOWS\System32\shlwapi.dll
0x00007ff95fe20000 - 0x00007ff95fe4f000 	C:\WINDOWS\SYSTEM32\profapi.dll
0x00007ff92c4a0000 - 0x00007ff92c4b9000 	C:\Program Files\Java\jdk-17\bin\net.dll
0x00007ff95a530000 - 0x00007ff95a64e000 	C:\WINDOWS\SYSTEM32\WINHTTP.dll
0x00007ff95f240000 - 0x00007ff95f2aa000 	C:\WINDOWS\system32\mswsock.dll
0x00007ff92c480000 - 0x00007ff92c496000 	C:\Program Files\Java\jdk-17\bin\nio.dll
0x00007ff92c710000 - 0x00007ff92c728000 	C:\Program Files\Java\jdk-17\bin\zip.dll
0x00007ff9501c0000 - 0x00007ff9501d0000 	C:\Program Files\Java\jdk-17\bin\verify.dll

dbghelp: loaded successfully - version: 4.0.5 - missing functions: none
symbol engine: initialized successfully - sym options: 0x614 - pdb path: .;C:\Program Files\Java\jdk-17\bin;C:\WINDOWS\SYSTEM32;C:\WINDOWS\WinSxS\amd64_microsoft.windows.common-controls_6595b64144ccf1df_6.0.26100.3912_none_3e07963ce335137e;C:\Program Files\Java\jdk-17\bin\server

VM Arguments:
java_command: org.jetbrains.kotlin.cli.jvm.K2JVMCompiler @C:\Users\91700\OneDrive\Desktop\Projects\Market-Place-2\Market-place\node_modules\@react-native\gradle-plugin\react-native-gradle-plugin\build\20250517_1649365478613082708.compiler.options
java_class_path (initial): C:\Users\91700\.gradle\caches\modules-2\files-2.1\org.jetbrains.kotlin\kotlin-compiler-embeddable\1.9.24\78dab849090e6c5e2eadb6e59a11cdc28fb67a08\kotlin-compiler-embeddable-1.9.24.jar;C:\Users\91700\.gradle\caches\modules-2\files-2.1\org.jetbrains.kotlin\kotlin-stdlib\1.9.24\9928532f12c66ad816a625b3f9984f8368ca6d2b\kotlin-stdlib-1.9.24.jar;C:\Users\91700\.gradle\caches\modules-2\files-2.1\org.jetbrains.kotlin\kotlin-script-runtime\1.9.24\96771497da90fbc5af1c90fce148db2595a62502\kotlin-script-runtime-1.9.24.jar;C:\Users\91700\.gradle\caches\modules-2\files-2.1\org.jetbrains.kotlin\kotlin-reflect\1.6.10\1cbe9c92c12a94eea200d23c2bbaedaf3daf5132\kotlin-reflect-1.6.10.jar;C:\Users\91700\.gradle\caches\modules-2\files-2.1\org.jetbrains.kotlin\kotlin-daemon-embeddable\1.9.24\86685b9c5e8d170925bd9ddbdc263374a6a73281\kotlin-daemon-embeddable-1.9.24.jar;C:\Users\91700\.gradle\caches\modules-2\files-2.1\org.jetbrains.intellij.deps\trove4j\1.0.20200330\3afb14d5f9ceb459d724e907a21145e8ff394f02\trove4j-1.0.20200330.jar;C:\Users\91700\.gradle\caches\modules-2\files-2.1\org.jetbrains\annotations\13.0\919f0dfe192fb4e063e7dacadee7f8bb9a2672a9\annotations-13.0.jar
Launcher Type: SUN_STANDARD

[Global flags]
     intx CICompilerCount                          = 4                                         {product} {ergonomic}
     uint ConcGCThreads                            = 3                                         {product} {ergonomic}
     uint G1ConcRefinementThreads                  = 10                                        {product} {ergonomic}
   size_t G1HeapRegionSize                         = 1048576                                   {product} {ergonomic}
    uintx GCDrainStackTargetSize                   = 64                                        {product} {ergonomic}
   size_t InitialHeapSize                          = 125829120                                 {product} {ergonomic}
   size_t MarkStackSize                            = 4194304                                   {product} {ergonomic}
   size_t MaxHeapSize                              = 1992294400                                {product} {ergonomic}
   size_t MaxNewSize                               = 1195376640                                {product} {ergonomic}
   size_t MinHeapDeltaBytes                        = 1048576                                   {product} {ergonomic}
   size_t MinHeapSize                              = 8388608                                   {product} {ergonomic}
    uintx NonNMethodCodeHeapSize                   = 5839372                                {pd product} {ergonomic}
    uintx NonProfiledCodeHeapSize                  = 122909434                              {pd product} {ergonomic}
    uintx ProfiledCodeHeapSize                     = 122909434                              {pd product} {ergonomic}
    uintx ReservedCodeCacheSize                    = 251658240                              {pd product} {ergonomic}
     bool SegmentedCodeCache                       = true                                      {product} {ergonomic}
   size_t SoftMaxHeapSize                          = 1992294400                             {manageable} {ergonomic}
     bool UseCompressedClassPointers               = true                           {product lp64_product} {ergonomic}
     bool UseCompressedOops                        = true                           {product lp64_product} {ergonomic}
     bool UseG1GC                                  = true                                      {product} {ergonomic}
     bool UseLargePagesIndividualAllocation        = false                                  {pd product} {ergonomic}

Logging:
Log output configuration:
 #0: stdout all=warning uptime,level,tags
 #1: stderr all=off uptime,level,tags

Environment Variables:
JAVA_HOME=C:\Program Files\Java\jdk-17
PATH=C:\Program Files\OpenLogic\jdk-11.0.25.9-hotspot\bin;c:\Users\91700\AppData\Local\Programs\cursor\resources\app\bin;C:\Program Files\Common Files\Oracle\Java\javapath;C:\Windows\system32;C:\Windows;C:\Windows\System32\Wbem;C:\Windows\System32\WindowsPowerShell\v1.0\;C:\Windows\System32\OpenSSH\;C:\Program Files (x86)\NVIDIA Corporation\PhysX\Common;C:\WINDOWS\system32;C:\WINDOWS;C:\WINDOWS\System32\Wbem;C:\WINDOWS\System32\WindowsPowerShell\v1.0\;C:\WINDOWS\System32\OpenSSH\;C:\MinGW\bin;C:\Program Files (x86)\nodejs\;C:\Program Files\Git\cmd;C:\Program Files\MySQL\MySQL Shell 8.0\bin\;C:\Users\91700\AppData\Local\Programs\Python\Python312\Scripts\;C:\Users\91700\AppData\Local\Programs\Python\Python312\;C:\Users\91700\AppData\Local\Programs\Python\Launcher\;C:\Users\91700\AppData\Local\Microsoft\WindowsApps;C:\Program Files\JetBrains\IntelliJ IDEA Community Edition 2022.3.3\bin;C:\Users\91700\AppData\Roaming\npm;C:\Program Files\JetBrains\PyCharm 2023.3.1\bin;C:\P;C:\Program Files\NVIDIA Corporation\NVIDIA app\NvDLISR;C:\Users\91700\AppData\Local\Android\Sdk;C:\Users\91700\AppData\Local\Android\Sdk\platform-tools;;C:\ProgramData\chocolatey\bin;C:\Program Files\dotnet\;C:\WINDOWS\system32;C:\WINDOWS;C:\WINDOWS\System32\Wbem;C:\WINDOWS\System32\WindowsPowerShell\v1.0\;C:\WINDOWS\System32\OpenSSH\;C:\Program Files\MySQL\MySQL Shell 8.0\bin\;C:\Users\91700\AppData\Local\Programs\Python\Python312\Scripts\;C:\Users\91700\AppData\Local\Programs\Python\Python312\;C:\Users\91700\AppData\Local\Programs\Python\Launcher\;C:\Users\91700\AppData\Local\Microsoft\WindowsApps;C:\Program Files\JetBrains\IntelliJ IDEA Community Edition 2022.3.3\bin;C:\Users\91700\AppData\Roaming\npm;C:\Program Files\JetBrains\PyCharm 2023.3.1\bin;C:\Program Files\JetBrains\PyCharm Community Edition 2023.3.1\bin;C:\Users\91700\AppData\Local\GitHubDesktop\bin;C:\Users\91700\AppData\Local\Programs\Microsoft VS Code\bin;C:\Users\91700\AppData\Local\Android\Sdk;C:\Users\91700\AppData\Local\Android\Sdk\pl
USERNAME=91700
OS=Windows_NT
PROCESSOR_IDENTIFIER=AMD64 Family 23 Model 96 Stepping 1, AuthenticAMD



---------------  S Y S T E M  ---------------

OS:
 Windows 11 , 64 bit Build 26100 (10.0.26100.3912)
OS uptime: 0 days 5:32 hours
Hyper-V role detected

CPU: total 12 (initial active 12) (12 cores per cpu, 2 threads per core) family 23 model 96 stepping 1 microcode 0x8600106, cx8, cmov, fxsr, ht, mmx, 3dnowpref, sse, sse2, sse3, ssse3, sse4a, sse4.1, sse4.2, popcnt, lzcnt, tsc, tscinvbit, avx, avx2, aes, clmul, bmi1, bmi2, adx, sha, fma, vzeroupper, clflush, clflushopt, hv

Memory: 4k page, system-wide physical 7597M (556M free)
TotalPageFile size 15789M (AvailPageFile size 6M)
current process WorkingSet (physical memory assigned to process): 237M, peak: 242M
current process commit charge ("private bytes"): 303M, peak: 313M

vm_info: Java HotSpot(TM) 64-Bit Server VM (17.0.14+8-LTS-191) for windows-amd64 JRE (17.0.14+8-LTS-191), built on Dec  3 2024 11:07:59 by "mach5one" with MS VC++ 17.6 (VS2022)

END.
